DEBUG - 2025-06-13 14:34:10 --> Session: Class initialized using 'CodeIgniter\Session\Handlers\FileHandler' driver.
DEBUG - 2025-06-13 14:34:15 --> Session: Class initialized using 'CodeIgniter\Session\Handlers\FileHandler' driver.
INFO - 2025-06-13 14:34:15 --> Cart Class Initialized
CRITICAL - 2025-06-13 14:34:15 --> Error: Call to a member function contents() on array
[Method: GET, Route: muestro]
in APPPATH\Views\front\pages\Carrito_parte_view.php on line 17.
 1 SYSTEMPATH\View\View.php(224): include()
 2 SYSTEMPATH\View\View.php(227): CodeIgniter\View\View->CodeIgniter\View\{closure}()
 3 SYSTEMPATH\Common.php(1173): CodeIgniter\View\View->render('front/pages/Carrito_parte_view', [], true)
 4 APPPATH\Controllers\carrito_controller.php(83): view('front/pages/Carrito_parte_view', [...])
 5 SYSTEMPATH\CodeIgniter.php(933): App\Controllers\carrito_controller->muestra()
 6 SYSTEMPATH\CodeIgniter.php(507): CodeIgniter\CodeIgniter->runController(Object(App\Controllers\carrito_controller))
 7 SYSTEMPATH\CodeIgniter.php(354): CodeIgniter\CodeIgniter->handleRequest(null, Object(Config\Cache), false)
 8 SYSTEMPATH\Boot.php(334): CodeIgniter\CodeIgniter->run()
 9 SYSTEMPATH\Boot.php(67): CodeIgniter\Boot::runCodeIgniter(Object(CodeIgniter\CodeIgniter))
10 FCPATH\index.php(56): CodeIgniter\Boot::bootWeb(Object(Config\Paths))
DEBUG - 2025-06-13 14:34:52 --> Session: Class initialized using 'CodeIgniter\Session\Handlers\FileHandler' driver.
DEBUG - 2025-06-13 14:34:54 --> Session: Class initialized using 'CodeIgniter\Session\Handlers\FileHandler' driver.
DEBUG - 2025-06-13 14:35:10 --> Session: Class initialized using 'CodeIgniter\Session\Handlers\FileHandler' driver.
DEBUG - 2025-06-13 14:35:11 --> Session: Class initialized using 'CodeIgniter\Session\Handlers\FileHandler' driver.
DEBUG - 2025-06-13 14:35:14 --> Session: Class initialized using 'CodeIgniter\Session\Handlers\FileHandler' driver.
INFO - 2025-06-13 14:35:14 --> Cart Class Initialized
CRITICAL - 2025-06-13 14:35:14 --> Error: Call to a member function contents() on array
[Method: GET, Route: muestro]
in APPPATH\Views\front\pages\Carrito_parte_view.php on line 17.
 1 SYSTEMPATH\View\View.php(224): include()
 2 SYSTEMPATH\View\View.php(227): CodeIgniter\View\View->CodeIgniter\View\{closure}()
 3 SYSTEMPATH\Common.php(1173): CodeIgniter\View\View->render('front/pages/Carrito_parte_view', [], true)
 4 APPPATH\Controllers\carrito_controller.php(83): view('front/pages/Carrito_parte_view', [...])
 5 SYSTEMPATH\CodeIgniter.php(933): App\Controllers\carrito_controller->muestra()
 6 SYSTEMPATH\CodeIgniter.php(507): CodeIgniter\CodeIgniter->runController(Object(App\Controllers\carrito_controller))
 7 SYSTEMPATH\CodeIgniter.php(354): CodeIgniter\CodeIgniter->handleRequest(null, Object(Config\Cache), false)
 8 SYSTEMPATH\Boot.php(334): CodeIgniter\CodeIgniter->run()
 9 SYSTEMPATH\Boot.php(67): CodeIgniter\Boot::runCodeIgniter(Object(CodeIgniter\CodeIgniter))
10 FCPATH\index.php(56): CodeIgniter\Boot::bootWeb(Object(Config\Paths))
DEBUG - 2025-06-13 14:35:16 --> Session: Class initialized using 'CodeIgniter\Session\Handlers\FileHandler' driver.
DEBUG - 2025-06-13 14:35:18 --> Session: Class initialized using 'CodeIgniter\Session\Handlers\FileHandler' driver.
INFO - 2025-06-13 14:35:18 --> Cart Class Initialized
DEBUG - 2025-06-13 14:35:23 --> Session: Class initialized using 'CodeIgniter\Session\Handlers\FileHandler' driver.
INFO - 2025-06-13 14:35:23 --> Cart Class Initialized
DEBUG - 2025-06-13 14:35:23 --> Session: Class initialized using 'CodeIgniter\Session\Handlers\FileHandler' driver.
INFO - 2025-06-13 14:35:23 --> Cart Class Initialized
DEBUG - 2025-06-13 14:35:27 --> Session: Class initialized using 'CodeIgniter\Session\Handlers\FileHandler' driver.
INFO - 2025-06-13 14:35:27 --> Cart Class Initialized
DEBUG - 2025-06-13 14:35:27 --> Session: Class initialized using 'CodeIgniter\Session\Handlers\FileHandler' driver.
INFO - 2025-06-13 14:35:27 --> Cart Class Initialized
DEBUG - 2025-06-13 14:35:30 --> Session: Class initialized using 'CodeIgniter\Session\Handlers\FileHandler' driver.
INFO - 2025-06-13 14:35:30 --> Cart Class Initialized
DEBUG - 2025-06-13 14:35:30 --> Session: Class initialized using 'CodeIgniter\Session\Handlers\FileHandler' driver.
INFO - 2025-06-13 14:35:30 --> Cart Class Initialized
DEBUG - 2025-06-13 14:35:32 --> Session: Class initialized using 'CodeIgniter\Session\Handlers\FileHandler' driver.
INFO - 2025-06-13 14:35:32 --> Cart Class Initialized
CRITICAL - 2025-06-13 14:35:32 --> Error: Call to a member function contents() on array
[Method: GET, Route: muestro]
in APPPATH\Views\front\pages\Carrito_parte_view.php on line 17.
 1 SYSTEMPATH\View\View.php(224): include()
 2 SYSTEMPATH\View\View.php(227): CodeIgniter\View\View->CodeIgniter\View\{closure}()
 3 SYSTEMPATH\Common.php(1173): CodeIgniter\View\View->render('front/pages/Carrito_parte_view', [], true)
 4 APPPATH\Controllers\carrito_controller.php(83): view('front/pages/Carrito_parte_view', [...])
 5 SYSTEMPATH\CodeIgniter.php(933): App\Controllers\carrito_controller->muestra()
 6 SYSTEMPATH\CodeIgniter.php(507): CodeIgniter\CodeIgniter->runController(Object(App\Controllers\carrito_controller))
 7 SYSTEMPATH\CodeIgniter.php(354): CodeIgniter\CodeIgniter->handleRequest(null, Object(Config\Cache), false)
 8 SYSTEMPATH\Boot.php(334): CodeIgniter\CodeIgniter->run()
 9 SYSTEMPATH\Boot.php(67): CodeIgniter\Boot::runCodeIgniter(Object(CodeIgniter\CodeIgniter))
10 FCPATH\index.php(56): CodeIgniter\Boot::bootWeb(Object(Config\Paths))
DEBUG - 2025-06-13 14:37:30 --> Session: Class initialized using 'CodeIgniter\Session\Handlers\FileHandler' driver.
INFO - 2025-06-13 14:37:30 --> Cart Class Initialized
CRITICAL - 2025-06-13 14:37:30 --> Error: Call to a member function contents() on array
[Method: GET, Route: muestro]
in APPPATH\Views\front\pages\Carrito_parte_view.php on line 17.
 1 SYSTEMPATH\View\View.php(224): include()
 2 SYSTEMPATH\View\View.php(227): CodeIgniter\View\View->CodeIgniter\View\{closure}()
 3 SYSTEMPATH\Common.php(1173): CodeIgniter\View\View->render('front/pages/Carrito_parte_view', [], true)
 4 APPPATH\Controllers\carrito_controller.php(83): view('front/pages/Carrito_parte_view', [...])
 5 SYSTEMPATH\CodeIgniter.php(933): App\Controllers\carrito_controller->muestra()
 6 SYSTEMPATH\CodeIgniter.php(507): CodeIgniter\CodeIgniter->runController(Object(App\Controllers\carrito_controller))
 7 SYSTEMPATH\CodeIgniter.php(354): CodeIgniter\CodeIgniter->handleRequest(null, Object(Config\Cache), false)
 8 SYSTEMPATH\Boot.php(334): CodeIgniter\CodeIgniter->run()
 9 SYSTEMPATH\Boot.php(67): CodeIgniter\Boot::runCodeIgniter(Object(CodeIgniter\CodeIgniter))
10 FCPATH\index.php(56): CodeIgniter\Boot::bootWeb(Object(Config\Paths))
DEBUG - 2025-06-13 14:37:33 --> Session: Class initialized using 'CodeIgniter\Session\Handlers\FileHandler' driver.
INFO - 2025-06-13 14:37:33 --> Cart Class Initialized
DEBUG - 2025-06-13 14:37:35 --> Session: Class initialized using 'CodeIgniter\Session\Handlers\FileHandler' driver.
INFO - 2025-06-13 14:37:35 --> Cart Class Initialized
CRITICAL - 2025-06-13 14:37:35 --> Error: Call to a member function contents() on array
[Method: GET, Route: muestro]
in APPPATH\Views\front\pages\Carrito_parte_view.php on line 17.
 1 SYSTEMPATH\View\View.php(224): include()
 2 SYSTEMPATH\View\View.php(227): CodeIgniter\View\View->CodeIgniter\View\{closure}()
 3 SYSTEMPATH\Common.php(1173): CodeIgniter\View\View->render('front/pages/Carrito_parte_view', [], true)
 4 APPPATH\Controllers\carrito_controller.php(83): view('front/pages/Carrito_parte_view', [...])
 5 SYSTEMPATH\CodeIgniter.php(933): App\Controllers\carrito_controller->muestra()
 6 SYSTEMPATH\CodeIgniter.php(507): CodeIgniter\CodeIgniter->runController(Object(App\Controllers\carrito_controller))
 7 SYSTEMPATH\CodeIgniter.php(354): CodeIgniter\CodeIgniter->handleRequest(null, Object(Config\Cache), false)
 8 SYSTEMPATH\Boot.php(334): CodeIgniter\CodeIgniter->run()
 9 SYSTEMPATH\Boot.php(67): CodeIgniter\Boot::runCodeIgniter(Object(CodeIgniter\CodeIgniter))
10 FCPATH\index.php(56): CodeIgniter\Boot::bootWeb(Object(Config\Paths))
DEBUG - 2025-06-13 14:37:49 --> Session: Class initialized using 'CodeIgniter\Session\Handlers\FileHandler' driver.
INFO - 2025-06-13 14:37:49 --> Cart Class Initialized
CRITICAL - 2025-06-13 14:37:49 --> Error: Call to a member function contents() on array
[Method: GET, Route: muestro]
in APPPATH\Views\front\pages\Carrito_parte_view.php on line 42.
 1 SYSTEMPATH\View\View.php(224): include()
 2 SYSTEMPATH\View\View.php(227): CodeIgniter\View\View->CodeIgniter\View\{closure}()
 3 SYSTEMPATH\Common.php(1173): CodeIgniter\View\View->render('front/pages/Carrito_parte_view', [], true)
 4 APPPATH\Controllers\carrito_controller.php(83): view('front/pages/Carrito_parte_view', [...])
 5 SYSTEMPATH\CodeIgniter.php(933): App\Controllers\carrito_controller->muestra()
 6 SYSTEMPATH\CodeIgniter.php(507): CodeIgniter\CodeIgniter->runController(Object(App\Controllers\carrito_controller))
 7 SYSTEMPATH\CodeIgniter.php(354): CodeIgniter\CodeIgniter->handleRequest(null, Object(Config\Cache), false)
 8 SYSTEMPATH\Boot.php(334): CodeIgniter\CodeIgniter->run()
 9 SYSTEMPATH\Boot.php(67): CodeIgniter\Boot::runCodeIgniter(Object(CodeIgniter\CodeIgniter))
10 FCPATH\index.php(56): CodeIgniter\Boot::bootWeb(Object(Config\Paths))
DEBUG - 2025-06-13 14:37:59 --> Session: Class initialized using 'CodeIgniter\Session\Handlers\FileHandler' driver.
INFO - 2025-06-13 14:37:59 --> Cart Class Initialized
CRITICAL - 2025-06-13 14:37:59 --> ErrorException: Undefined array key "image"
[Method: GET, Route: muestro]
in APPPATH\Views\front\pages\Carrito_parte_view.php on line 49.
 1 APPPATH\Views\front\pages\Carrito_parte_view.php(49): CodeIgniter\Debug\Exceptions->errorHandler(2, 'Undefined array key "image"', 'C:\\xampp\\htdocs\\Proyecto-CVA-Muebles\\app\\Views\\front\\pages\\Carrito_parte_view.php', 49)
 2 SYSTEMPATH\View\View.php(224): include('C:\\xampp\\htdocs\\Proyecto-CVA-Muebles\\app\\Views\\front\\pages\\Carrito_parte_view.php')
 3 SYSTEMPATH\View\View.php(227): CodeIgniter\View\View->CodeIgniter\View\{closure}()
 4 SYSTEMPATH\Common.php(1173): CodeIgniter\View\View->render('front/pages/Carrito_parte_view', [], true)
 5 APPPATH\Controllers\carrito_controller.php(83): view('front/pages/Carrito_parte_view', [...])
 6 SYSTEMPATH\CodeIgniter.php(933): App\Controllers\carrito_controller->muestra()
 7 SYSTEMPATH\CodeIgniter.php(507): CodeIgniter\CodeIgniter->runController(Object(App\Controllers\carrito_controller))
 8 SYSTEMPATH\CodeIgniter.php(354): CodeIgniter\CodeIgniter->handleRequest(null, Object(Config\Cache), false)
 9 SYSTEMPATH\Boot.php(334): CodeIgniter\CodeIgniter->run()
10 SYSTEMPATH\Boot.php(67): CodeIgniter\Boot::runCodeIgniter(Object(CodeIgniter\CodeIgniter))
11 FCPATH\index.php(56): CodeIgniter\Boot::bootWeb(Object(Config\Paths))
DEBUG - 2025-06-13 14:38:48 --> Session: Class initialized using 'CodeIgniter\Session\Handlers\FileHandler' driver.
INFO - 2025-06-13 14:38:48 --> Cart Class Initialized
CRITICAL - 2025-06-13 14:38:48 --> ErrorException: Undefined array key "image"
[Method: GET, Route: muestro]
in APPPATH\Views\front\pages\Carrito_parte_view.php on line 49.
 1 APPPATH\Views\front\pages\Carrito_parte_view.php(49): CodeIgniter\Debug\Exceptions->errorHandler(2, 'Undefined array key "image"', 'C:\\xampp\\htdocs\\Proyecto-CVA-Muebles\\app\\Views\\front\\pages\\Carrito_parte_view.php', 49)
 2 SYSTEMPATH\View\View.php(224): include('C:\\xampp\\htdocs\\Proyecto-CVA-Muebles\\app\\Views\\front\\pages\\Carrito_parte_view.php')
 3 SYSTEMPATH\View\View.php(227): CodeIgniter\View\View->CodeIgniter\View\{closure}()
 4 SYSTEMPATH\Common.php(1173): CodeIgniter\View\View->render('front/pages/Carrito_parte_view', [], true)
 5 APPPATH\Controllers\carrito_controller.php(83): view('front/pages/Carrito_parte_view', [...])
 6 SYSTEMPATH\CodeIgniter.php(933): App\Controllers\carrito_controller->muestra()
 7 SYSTEMPATH\CodeIgniter.php(507): CodeIgniter\CodeIgniter->runController(Object(App\Controllers\carrito_controller))
 8 SYSTEMPATH\CodeIgniter.php(354): CodeIgniter\CodeIgniter->handleRequest(null, Object(Config\Cache), false)
 9 SYSTEMPATH\Boot.php(334): CodeIgniter\CodeIgniter->run()
10 SYSTEMPATH\Boot.php(67): CodeIgniter\Boot::runCodeIgniter(Object(CodeIgniter\CodeIgniter))
11 FCPATH\index.php(56): CodeIgniter\Boot::bootWeb(Object(Config\Paths))
DEBUG - 2025-06-13 14:39:08 --> Session: Class initialized using 'CodeIgniter\Session\Handlers\FileHandler' driver.
INFO - 2025-06-13 14:39:08 --> Cart Class Initialized
CRITICAL - 2025-06-13 14:39:08 --> ErrorException: Undefined array key "image"
[Method: GET, Route: muestro]
in APPPATH\Views\front\pages\Carrito_parte_view.php on line 49.
 1 APPPATH\Views\front\pages\Carrito_parte_view.php(49): CodeIgniter\Debug\Exceptions->errorHandler(2, 'Undefined array key "image"', 'C:\\xampp\\htdocs\\Proyecto-CVA-Muebles\\app\\Views\\front\\pages\\Carrito_parte_view.php', 49)
 2 SYSTEMPATH\View\View.php(224): include('C:\\xampp\\htdocs\\Proyecto-CVA-Muebles\\app\\Views\\front\\pages\\Carrito_parte_view.php')
 3 SYSTEMPATH\View\View.php(227): CodeIgniter\View\View->CodeIgniter\View\{closure}()
 4 SYSTEMPATH\Common.php(1173): CodeIgniter\View\View->render('front/pages/Carrito_parte_view', [], true)
 5 APPPATH\Controllers\carrito_controller.php(83): view('front/pages/Carrito_parte_view', [...])
 6 SYSTEMPATH\CodeIgniter.php(933): App\Controllers\carrito_controller->muestra()
 7 SYSTEMPATH\CodeIgniter.php(507): CodeIgniter\CodeIgniter->runController(Object(App\Controllers\carrito_controller))
 8 SYSTEMPATH\CodeIgniter.php(354): CodeIgniter\CodeIgniter->handleRequest(null, Object(Config\Cache), false)
 9 SYSTEMPATH\Boot.php(334): CodeIgniter\CodeIgniter->run()
10 SYSTEMPATH\Boot.php(67): CodeIgniter\Boot::runCodeIgniter(Object(CodeIgniter\CodeIgniter))
11 FCPATH\index.php(56): CodeIgniter\Boot::bootWeb(Object(Config\Paths))
DEBUG - 2025-06-13 14:39:14 --> Session: Class initialized using 'CodeIgniter\Session\Handlers\FileHandler' driver.
INFO - 2025-06-13 14:39:14 --> Cart Class Initialized
CRITICAL - 2025-06-13 14:39:14 --> ErrorException: Undefined array key "image"
[Method: GET, Route: muestro]
in APPPATH\Views\front\pages\Carrito_parte_view.php on line 49.
 1 APPPATH\Views\front\pages\Carrito_parte_view.php(49): CodeIgniter\Debug\Exceptions->errorHandler(2, 'Undefined array key "image"', 'C:\\xampp\\htdocs\\Proyecto-CVA-Muebles\\app\\Views\\front\\pages\\Carrito_parte_view.php', 49)
 2 SYSTEMPATH\View\View.php(224): include('C:\\xampp\\htdocs\\Proyecto-CVA-Muebles\\app\\Views\\front\\pages\\Carrito_parte_view.php')
 3 SYSTEMPATH\View\View.php(227): CodeIgniter\View\View->CodeIgniter\View\{closure}()
 4 SYSTEMPATH\Common.php(1173): CodeIgniter\View\View->render('front/pages/Carrito_parte_view', [], true)
 5 APPPATH\Controllers\carrito_controller.php(83): view('front/pages/Carrito_parte_view', [...])
 6 SYSTEMPATH\CodeIgniter.php(933): App\Controllers\carrito_controller->muestra()
 7 SYSTEMPATH\CodeIgniter.php(507): CodeIgniter\CodeIgniter->runController(Object(App\Controllers\carrito_controller))
 8 SYSTEMPATH\CodeIgniter.php(354): CodeIgniter\CodeIgniter->handleRequest(null, Object(Config\Cache), false)
 9 SYSTEMPATH\Boot.php(334): CodeIgniter\CodeIgniter->run()
10 SYSTEMPATH\Boot.php(67): CodeIgniter\Boot::runCodeIgniter(Object(CodeIgniter\CodeIgniter))
11 FCPATH\index.php(56): CodeIgniter\Boot::bootWeb(Object(Config\Paths))
DEBUG - 2025-06-13 14:39:17 --> Session: Class initialized using 'CodeIgniter\Session\Handlers\FileHandler' driver.
INFO - 2025-06-13 14:39:17 --> Cart Class Initialized
CRITICAL - 2025-06-13 14:39:17 --> ErrorException: Undefined array key "image"
[Method: GET, Route: muestro]
in APPPATH\Views\front\pages\Carrito_parte_view.php on line 49.
 1 APPPATH\Views\front\pages\Carrito_parte_view.php(49): CodeIgniter\Debug\Exceptions->errorHandler(2, 'Undefined array key "image"', 'C:\\xampp\\htdocs\\Proyecto-CVA-Muebles\\app\\Views\\front\\pages\\Carrito_parte_view.php', 49)
 2 SYSTEMPATH\View\View.php(224): include('C:\\xampp\\htdocs\\Proyecto-CVA-Muebles\\app\\Views\\front\\pages\\Carrito_parte_view.php')
 3 SYSTEMPATH\View\View.php(227): CodeIgniter\View\View->CodeIgniter\View\{closure}()
 4 SYSTEMPATH\Common.php(1173): CodeIgniter\View\View->render('front/pages/Carrito_parte_view', [], true)
 5 APPPATH\Controllers\carrito_controller.php(83): view('front/pages/Carrito_parte_view', [...])
 6 SYSTEMPATH\CodeIgniter.php(933): App\Controllers\carrito_controller->muestra()
 7 SYSTEMPATH\CodeIgniter.php(507): CodeIgniter\CodeIgniter->runController(Object(App\Controllers\carrito_controller))
 8 SYSTEMPATH\CodeIgniter.php(354): CodeIgniter\CodeIgniter->handleRequest(null, Object(Config\Cache), false)
 9 SYSTEMPATH\Boot.php(334): CodeIgniter\CodeIgniter->run()
10 SYSTEMPATH\Boot.php(67): CodeIgniter\Boot::runCodeIgniter(Object(CodeIgniter\CodeIgniter))
11 FCPATH\index.php(56): CodeIgniter\Boot::bootWeb(Object(Config\Paths))
DEBUG - 2025-06-13 14:39:32 --> Session: Class initialized using 'CodeIgniter\Session\Handlers\FileHandler' driver.
INFO - 2025-06-13 14:39:32 --> Cart Class Initialized
CRITICAL - 2025-06-13 14:39:32 --> ErrorException: Undefined array key "image"
[Method: GET, Route: muestro]
in APPPATH\Views\front\pages\Carrito_parte_view.php on line 49.
 1 APPPATH\Views\front\pages\Carrito_parte_view.php(49): CodeIgniter\Debug\Exceptions->errorHandler(2, 'Undefined array key "image"', 'C:\\xampp\\htdocs\\Proyecto-CVA-Muebles\\app\\Views\\front\\pages\\Carrito_parte_view.php', 49)
 2 SYSTEMPATH\View\View.php(224): include('C:\\xampp\\htdocs\\Proyecto-CVA-Muebles\\app\\Views\\front\\pages\\Carrito_parte_view.php')
 3 SYSTEMPATH\View\View.php(227): CodeIgniter\View\View->CodeIgniter\View\{closure}()
 4 SYSTEMPATH\Common.php(1173): CodeIgniter\View\View->render('front/pages/Carrito_parte_view', [], true)
 5 APPPATH\Controllers\carrito_controller.php(83): view('front/pages/Carrito_parte_view', [...])
 6 SYSTEMPATH\CodeIgniter.php(933): App\Controllers\carrito_controller->muestra()
 7 SYSTEMPATH\CodeIgniter.php(507): CodeIgniter\CodeIgniter->runController(Object(App\Controllers\carrito_controller))
 8 SYSTEMPATH\CodeIgniter.php(354): CodeIgniter\CodeIgniter->handleRequest(null, Object(Config\Cache), false)
 9 SYSTEMPATH\Boot.php(334): CodeIgniter\CodeIgniter->run()
10 SYSTEMPATH\Boot.php(67): CodeIgniter\Boot::runCodeIgniter(Object(CodeIgniter\CodeIgniter))
11 FCPATH\index.php(56): CodeIgniter\Boot::bootWeb(Object(Config\Paths))
DEBUG - 2025-06-13 14:39:40 --> Session: Class initialized using 'CodeIgniter\Session\Handlers\FileHandler' driver.
INFO - 2025-06-13 14:39:40 --> Cart Class Initialized
CRITICAL - 2025-06-13 14:39:40 --> ErrorException: Undefined array key "image"
[Method: GET, Route: muestro]
in APPPATH\Views\front\pages\Carrito_parte_view.php on line 53.
 1 APPPATH\Views\front\pages\Carrito_parte_view.php(53): CodeIgniter\Debug\Exceptions->errorHandler(2, 'Undefined array key "image"', 'C:\\xampp\\htdocs\\Proyecto-CVA-Muebles\\app\\Views\\front\\pages\\Carrito_parte_view.php', 53)
 2 SYSTEMPATH\View\View.php(224): include('C:\\xampp\\htdocs\\Proyecto-CVA-Muebles\\app\\Views\\front\\pages\\Carrito_parte_view.php')
 3 SYSTEMPATH\View\View.php(227): CodeIgniter\View\View->CodeIgniter\View\{closure}()
 4 SYSTEMPATH\Common.php(1173): CodeIgniter\View\View->render('front/pages/Carrito_parte_view', [], true)
 5 APPPATH\Controllers\carrito_controller.php(83): view('front/pages/Carrito_parte_view', [...])
 6 SYSTEMPATH\CodeIgniter.php(933): App\Controllers\carrito_controller->muestra()
 7 SYSTEMPATH\CodeIgniter.php(507): CodeIgniter\CodeIgniter->runController(Object(App\Controllers\carrito_controller))
 8 SYSTEMPATH\CodeIgniter.php(354): CodeIgniter\CodeIgniter->handleRequest(null, Object(Config\Cache), false)
 9 SYSTEMPATH\Boot.php(334): CodeIgniter\CodeIgniter->run()
10 SYSTEMPATH\Boot.php(67): CodeIgniter\Boot::runCodeIgniter(Object(CodeIgniter\CodeIgniter))
11 FCPATH\index.php(56): CodeIgniter\Boot::bootWeb(Object(Config\Paths))
DEBUG - 2025-06-13 14:39:53 --> Session: Class initialized using 'CodeIgniter\Session\Handlers\FileHandler' driver.
INFO - 2025-06-13 14:39:53 --> Cart Class Initialized
DEBUG - 2025-06-13 14:39:59 --> Session: Class initialized using 'CodeIgniter\Session\Handlers\FileHandler' driver.
INFO - 2025-06-13 14:39:59 --> Cart Class Initialized
DEBUG - 2025-06-13 14:40:00 --> Session: Class initialized using 'CodeIgniter\Session\Handlers\FileHandler' driver.
INFO - 2025-06-13 14:40:00 --> Cart Class Initialized
DEBUG - 2025-06-13 14:40:01 --> Session: Class initialized using 'CodeIgniter\Session\Handlers\FileHandler' driver.
INFO - 2025-06-13 14:40:01 --> Cart Class Initialized
DEBUG - 2025-06-13 14:40:01 --> Session: Class initialized using 'CodeIgniter\Session\Handlers\FileHandler' driver.
INFO - 2025-06-13 14:40:01 --> Cart Class Initialized
DEBUG - 2025-06-13 14:40:06 --> Session: Class initialized using 'CodeIgniter\Session\Handlers\FileHandler' driver.
INFO - 2025-06-13 14:40:06 --> Cart Class Initialized
DEBUG - 2025-06-13 14:40:13 --> Session: Class initialized using 'CodeIgniter\Session\Handlers\FileHandler' driver.
INFO - 2025-06-13 14:40:13 --> Cart Class Initialized
DEBUG - 2025-06-13 14:40:13 --> Session: Class initialized using 'CodeIgniter\Session\Handlers\FileHandler' driver.
INFO - 2025-06-13 14:40:13 --> Cart Class Initialized
DEBUG - 2025-06-13 14:40:15 --> Session: Class initialized using 'CodeIgniter\Session\Handlers\FileHandler' driver.
INFO - 2025-06-13 14:40:15 --> Cart Class Initialized
DEBUG - 2025-06-13 14:40:16 --> Session: Class initialized using 'CodeIgniter\Session\Handlers\FileHandler' driver.
INFO - 2025-06-13 14:40:16 --> Cart Class Initialized
DEBUG - 2025-06-13 14:40:20 --> Session: Class initialized using 'CodeIgniter\Session\Handlers\FileHandler' driver.
INFO - 2025-06-13 14:40:20 --> Cart Class Initialized
DEBUG - 2025-06-13 14:40:22 --> Session: Class initialized using 'CodeIgniter\Session\Handlers\FileHandler' driver.
INFO - 2025-06-13 14:40:22 --> Cart Class Initialized
DEBUG - 2025-06-13 14:40:22 --> Session: Class initialized using 'CodeIgniter\Session\Handlers\FileHandler' driver.
INFO - 2025-06-13 14:40:22 --> Cart Class Initialized
DEBUG - 2025-06-13 14:40:24 --> Session: Class initialized using 'CodeIgniter\Session\Handlers\FileHandler' driver.
INFO - 2025-06-13 14:40:24 --> Cart Class Initialized
DEBUG - 2025-06-13 14:40:29 --> Session: Class initialized using 'CodeIgniter\Session\Handlers\FileHandler' driver.
INFO - 2025-06-13 14:40:29 --> Cart Class Initialized
DEBUG - 2025-06-13 14:40:31 --> Session: Class initialized using 'CodeIgniter\Session\Handlers\FileHandler' driver.
INFO - 2025-06-13 14:40:31 --> Cart Class Initialized
DEBUG - 2025-06-13 14:40:31 --> Session: Class initialized using 'CodeIgniter\Session\Handlers\FileHandler' driver.
INFO - 2025-06-13 14:40:31 --> Cart Class Initialized
DEBUG - 2025-06-13 14:40:33 --> Session: Class initialized using 'CodeIgniter\Session\Handlers\FileHandler' driver.
INFO - 2025-06-13 14:40:33 --> Cart Class Initialized
DEBUG - 2025-06-13 14:40:39 --> Session: Class initialized using 'CodeIgniter\Session\Handlers\FileHandler' driver.
INFO - 2025-06-13 14:40:39 --> Cart Class Initialized
DEBUG - 2025-06-13 14:40:42 --> Session: Class initialized using 'CodeIgniter\Session\Handlers\FileHandler' driver.
INFO - 2025-06-13 14:40:42 --> Cart Class Initialized
DEBUG - 2025-06-13 14:40:42 --> Session: Class initialized using 'CodeIgniter\Session\Handlers\FileHandler' driver.
INFO - 2025-06-13 14:40:42 --> Cart Class Initialized
DEBUG - 2025-06-13 14:40:46 --> Session: Class initialized using 'CodeIgniter\Session\Handlers\FileHandler' driver.
INFO - 2025-06-13 14:40:46 --> Cart Class Initialized
DEBUG - 2025-06-13 14:40:48 --> Session: Class initialized using 'CodeIgniter\Session\Handlers\FileHandler' driver.
INFO - 2025-06-13 14:40:48 --> Cart Class Initialized
DEBUG - 2025-06-13 14:40:52 --> Session: Class initialized using 'CodeIgniter\Session\Handlers\FileHandler' driver.
INFO - 2025-06-13 14:40:52 --> Cart Class Initialized
DEBUG - 2025-06-13 14:40:54 --> Session: Class initialized using 'CodeIgniter\Session\Handlers\FileHandler' driver.
INFO - 2025-06-13 14:40:54 --> Cart Class Initialized
DEBUG - 2025-06-13 14:40:54 --> Session: Class initialized using 'CodeIgniter\Session\Handlers\FileHandler' driver.
INFO - 2025-06-13 14:40:54 --> Cart Class Initialized
DEBUG - 2025-06-13 14:41:01 --> Session: Class initialized using 'CodeIgniter\Session\Handlers\FileHandler' driver.
INFO - 2025-06-13 14:41:01 --> Cart Class Initialized
DEBUG - 2025-06-13 14:41:01 --> Session: Class initialized using 'CodeIgniter\Session\Handlers\FileHandler' driver.
INFO - 2025-06-13 14:41:01 --> Cart Class Initialized
DEBUG - 2025-06-13 14:41:04 --> Session: Class initialized using 'CodeIgniter\Session\Handlers\FileHandler' driver.
INFO - 2025-06-13 14:41:04 --> Cart Class Initialized
DEBUG - 2025-06-13 14:41:04 --> Session: Class initialized using 'CodeIgniter\Session\Handlers\FileHandler' driver.
INFO - 2025-06-13 14:41:04 --> Cart Class Initialized
DEBUG - 2025-06-13 14:41:06 --> Session: Class initialized using 'CodeIgniter\Session\Handlers\FileHandler' driver.
INFO - 2025-06-13 14:41:06 --> Cart Class Initialized
DEBUG - 2025-06-13 14:41:06 --> Session: Class initialized using 'CodeIgniter\Session\Handlers\FileHandler' driver.
INFO - 2025-06-13 14:41:06 --> Cart Class Initialized
DEBUG - 2025-06-13 14:41:08 --> Session: Class initialized using 'CodeIgniter\Session\Handlers\FileHandler' driver.
INFO - 2025-06-13 14:41:08 --> Cart Class Initialized
DEBUG - 2025-06-13 14:41:12 --> Session: Class initialized using 'CodeIgniter\Session\Handlers\FileHandler' driver.
INFO - 2025-06-13 14:41:12 --> Cart Class Initialized
DEBUG - 2025-06-13 14:41:14 --> Session: Class initialized using 'CodeIgniter\Session\Handlers\FileHandler' driver.
INFO - 2025-06-13 14:41:14 --> Cart Class Initialized
DEBUG - 2025-06-13 14:41:16 --> Session: Class initialized using 'CodeIgniter\Session\Handlers\FileHandler' driver.
INFO - 2025-06-13 14:41:16 --> Cart Class Initialized
DEBUG - 2025-06-13 14:41:19 --> Session: Class initialized using 'CodeIgniter\Session\Handlers\FileHandler' driver.
INFO - 2025-06-13 14:41:19 --> Cart Class Initialized
DEBUG - 2025-06-13 14:41:26 --> Session: Class initialized using 'CodeIgniter\Session\Handlers\FileHandler' driver.
INFO - 2025-06-13 14:41:26 --> Cart Class Initialized
DEBUG - 2025-06-13 14:43:36 --> Session: Class initialized using 'CodeIgniter\Session\Handlers\FileHandler' driver.
INFO - 2025-06-13 14:43:36 --> Cart Class Initialized
DEBUG - 2025-06-13 14:43:40 --> Session: Class initialized using 'CodeIgniter\Session\Handlers\FileHandler' driver.
INFO - 2025-06-13 14:43:40 --> Cart Class Initialized
DEBUG - 2025-06-13 14:43:40 --> Session: Class initialized using 'CodeIgniter\Session\Handlers\FileHandler' driver.
INFO - 2025-06-13 14:43:40 --> Cart Class Initialized
DEBUG - 2025-06-13 14:43:42 --> Session: Class initialized using 'CodeIgniter\Session\Handlers\FileHandler' driver.
INFO - 2025-06-13 14:43:42 --> Cart Class Initialized
DEBUG - 2025-06-13 14:43:42 --> Session: Class initialized using 'CodeIgniter\Session\Handlers\FileHandler' driver.
INFO - 2025-06-13 14:43:42 --> Cart Class Initialized
DEBUG - 2025-06-13 14:43:44 --> Session: Class initialized using 'CodeIgniter\Session\Handlers\FileHandler' driver.
INFO - 2025-06-13 14:43:44 --> Cart Class Initialized
DEBUG - 2025-06-13 14:43:46 --> Session: Class initialized using 'CodeIgniter\Session\Handlers\FileHandler' driver.
INFO - 2025-06-13 14:43:46 --> Cart Class Initialized
DEBUG - 2025-06-13 14:43:47 --> Session: Class initialized using 'CodeIgniter\Session\Handlers\FileHandler' driver.
INFO - 2025-06-13 14:43:47 --> Cart Class Initialized
DEBUG - 2025-06-13 14:43:49 --> Session: Class initialized using 'CodeIgniter\Session\Handlers\FileHandler' driver.
INFO - 2025-06-13 14:43:49 --> Cart Class Initialized
DEBUG - 2025-06-13 14:43:49 --> Session: Class initialized using 'CodeIgniter\Session\Handlers\FileHandler' driver.
INFO - 2025-06-13 14:43:49 --> Cart Class Initialized
DEBUG - 2025-06-13 14:43:52 --> Session: Class initialized using 'CodeIgniter\Session\Handlers\FileHandler' driver.
INFO - 2025-06-13 14:43:52 --> Cart Class Initialized
DEBUG - 2025-06-13 14:43:52 --> Session: Class initialized using 'CodeIgniter\Session\Handlers\FileHandler' driver.
INFO - 2025-06-13 14:43:52 --> Cart Class Initialized
DEBUG - 2025-06-13 14:43:55 --> Session: Class initialized using 'CodeIgniter\Session\Handlers\FileHandler' driver.
INFO - 2025-06-13 14:43:55 --> Cart Class Initialized
DEBUG - 2025-06-13 14:43:57 --> Session: Class initialized using 'CodeIgniter\Session\Handlers\FileHandler' driver.
INFO - 2025-06-13 14:43:57 --> Cart Class Initialized
DEBUG - 2025-06-13 14:43:57 --> Session: Class initialized using 'CodeIgniter\Session\Handlers\FileHandler' driver.
INFO - 2025-06-13 14:43:57 --> Cart Class Initialized
DEBUG - 2025-06-13 14:43:59 --> Session: Class initialized using 'CodeIgniter\Session\Handlers\FileHandler' driver.
INFO - 2025-06-13 14:43:59 --> Cart Class Initialized
DEBUG - 2025-06-13 14:43:59 --> Session: Class initialized using 'CodeIgniter\Session\Handlers\FileHandler' driver.
INFO - 2025-06-13 14:43:59 --> Cart Class Initialized
DEBUG - 2025-06-13 14:44:01 --> Session: Class initialized using 'CodeIgniter\Session\Handlers\FileHandler' driver.
INFO - 2025-06-13 14:44:01 --> Cart Class Initialized
DEBUG - 2025-06-13 14:44:01 --> Session: Class initialized using 'CodeIgniter\Session\Handlers\FileHandler' driver.
INFO - 2025-06-13 14:44:01 --> Cart Class Initialized
DEBUG - 2025-06-13 14:44:05 --> Session: Class initialized using 'CodeIgniter\Session\Handlers\FileHandler' driver.
INFO - 2025-06-13 14:44:05 --> Cart Class Initialized
DEBUG - 2025-06-13 14:45:04 --> Session: Class initialized using 'CodeIgniter\Session\Handlers\FileHandler' driver.
INFO - 2025-06-13 14:45:04 --> Cart Class Initialized
DEBUG - 2025-06-13 14:45:07 --> Session: Class initialized using 'CodeIgniter\Session\Handlers\FileHandler' driver.
INFO - 2025-06-13 14:45:07 --> Cart Class Initialized
DEBUG - 2025-06-13 14:45:07 --> Session: Class initialized using 'CodeIgniter\Session\Handlers\FileHandler' driver.
INFO - 2025-06-13 14:45:07 --> Cart Class Initialized
DEBUG - 2025-06-13 14:45:08 --> Session: Class initialized using 'CodeIgniter\Session\Handlers\FileHandler' driver.
INFO - 2025-06-13 14:45:08 --> Cart Class Initialized
DEBUG - 2025-06-13 14:45:11 --> Session: Class initialized using 'CodeIgniter\Session\Handlers\FileHandler' driver.
INFO - 2025-06-13 14:45:11 --> Cart Class Initialized
DEBUG - 2025-06-13 14:45:11 --> Session: Class initialized using 'CodeIgniter\Session\Handlers\FileHandler' driver.
INFO - 2025-06-13 14:45:11 --> Cart Class Initialized
DEBUG - 2025-06-13 14:45:14 --> Session: Class initialized using 'CodeIgniter\Session\Handlers\FileHandler' driver.
INFO - 2025-06-13 14:45:14 --> Cart Class Initialized
DEBUG - 2025-06-13 14:45:14 --> Session: Class initialized using 'CodeIgniter\Session\Handlers\FileHandler' driver.
INFO - 2025-06-13 14:45:14 --> Cart Class Initialized
DEBUG - 2025-06-13 14:45:17 --> Session: Class initialized using 'CodeIgniter\Session\Handlers\FileHandler' driver.
INFO - 2025-06-13 14:45:17 --> Cart Class Initialized
DEBUG - 2025-06-13 14:45:17 --> Session: Class initialized using 'CodeIgniter\Session\Handlers\FileHandler' driver.
INFO - 2025-06-13 14:45:17 --> Cart Class Initialized
DEBUG - 2025-06-13 14:45:19 --> Session: Class initialized using 'CodeIgniter\Session\Handlers\FileHandler' driver.
INFO - 2025-06-13 14:45:19 --> Cart Class Initialized
DEBUG - 2025-06-13 14:47:41 --> Session: Class initialized using 'CodeIgniter\Session\Handlers\FileHandler' driver.
INFO - 2025-06-13 14:47:41 --> Cart Class Initialized
DEBUG - 2025-06-13 14:47:45 --> Session: Class initialized using 'CodeIgniter\Session\Handlers\FileHandler' driver.
INFO - 2025-06-13 14:47:45 --> Cart Class Initialized
DEBUG - 2025-06-13 14:47:47 --> Session: Class initialized using 'CodeIgniter\Session\Handlers\FileHandler' driver.
INFO - 2025-06-13 14:47:47 --> Cart Class Initialized
DEBUG - 2025-06-13 14:47:47 --> Session: Class initialized using 'CodeIgniter\Session\Handlers\FileHandler' driver.
INFO - 2025-06-13 14:47:47 --> Cart Class Initialized
DEBUG - 2025-06-13 14:47:49 --> Session: Class initialized using 'CodeIgniter\Session\Handlers\FileHandler' driver.
INFO - 2025-06-13 14:47:49 --> Cart Class Initialized
DEBUG - 2025-06-13 14:47:49 --> Session: Class initialized using 'CodeIgniter\Session\Handlers\FileHandler' driver.
INFO - 2025-06-13 14:47:49 --> Cart Class Initialized
DEBUG - 2025-06-13 14:47:51 --> Session: Class initialized using 'CodeIgniter\Session\Handlers\FileHandler' driver.
INFO - 2025-06-13 14:47:51 --> Cart Class Initialized
DEBUG - 2025-06-13 14:47:51 --> Session: Class initialized using 'CodeIgniter\Session\Handlers\FileHandler' driver.
INFO - 2025-06-13 14:47:51 --> Cart Class Initialized
DEBUG - 2025-06-13 14:47:52 --> Session: Class initialized using 'CodeIgniter\Session\Handlers\FileHandler' driver.
INFO - 2025-06-13 14:47:52 --> Cart Class Initialized
DEBUG - 2025-06-13 14:47:55 --> Session: Class initialized using 'CodeIgniter\Session\Handlers\FileHandler' driver.
INFO - 2025-06-13 14:47:55 --> Cart Class Initialized
DEBUG - 2025-06-13 14:47:55 --> Session: Class initialized using 'CodeIgniter\Session\Handlers\FileHandler' driver.
INFO - 2025-06-13 14:47:55 --> Cart Class Initialized
DEBUG - 2025-06-13 14:48:18 --> Session: Class initialized using 'CodeIgniter\Session\Handlers\FileHandler' driver.
INFO - 2025-06-13 14:48:18 --> Cart Class Initialized
DEBUG - 2025-06-13 14:48:19 --> Session: Class initialized using 'CodeIgniter\Session\Handlers\FileHandler' driver.
INFO - 2025-06-13 14:48:19 --> Cart Class Initialized
DEBUG - 2025-06-13 14:48:28 --> Session: Class initialized using 'CodeIgniter\Session\Handlers\FileHandler' driver.
INFO - 2025-06-13 14:48:28 --> Cart Class Initialized
DEBUG - 2025-06-13 14:48:28 --> Session: Class initialized using 'CodeIgniter\Session\Handlers\FileHandler' driver.
INFO - 2025-06-13 14:48:28 --> Cart Class Initialized
DEBUG - 2025-06-13 14:48:38 --> Session: Class initialized using 'CodeIgniter\Session\Handlers\FileHandler' driver.
INFO - 2025-06-13 14:48:38 --> Cart Class Initialized
DEBUG - 2025-06-13 14:48:48 --> Session: Class initialized using 'CodeIgniter\Session\Handlers\FileHandler' driver.
INFO - 2025-06-13 14:48:48 --> Cart Class Initialized
DEBUG - 2025-06-13 14:48:49 --> Session: Class initialized using 'CodeIgniter\Session\Handlers\FileHandler' driver.
INFO - 2025-06-13 14:48:49 --> Cart Class Initialized
DEBUG - 2025-06-13 14:48:55 --> Session: Class initialized using 'CodeIgniter\Session\Handlers\FileHandler' driver.
INFO - 2025-06-13 14:48:55 --> Cart Class Initialized
DEBUG - 2025-06-13 14:48:56 --> Session: Class initialized using 'CodeIgniter\Session\Handlers\FileHandler' driver.
INFO - 2025-06-13 14:48:56 --> Cart Class Initialized
DEBUG - 2025-06-13 14:49:06 --> Session: Class initialized using 'CodeIgniter\Session\Handlers\FileHandler' driver.
INFO - 2025-06-13 14:49:06 --> Cart Class Initialized
DEBUG - 2025-06-13 14:49:20 --> Session: Class initialized using 'CodeIgniter\Session\Handlers\FileHandler' driver.
INFO - 2025-06-13 14:49:20 --> Cart Class Initialized
DEBUG - 2025-06-13 14:49:21 --> Session: Class initialized using 'CodeIgniter\Session\Handlers\FileHandler' driver.
INFO - 2025-06-13 14:49:21 --> Cart Class Initialized
DEBUG - 2025-06-13 14:49:30 --> Session: Class initialized using 'CodeIgniter\Session\Handlers\FileHandler' driver.
INFO - 2025-06-13 14:49:30 --> Cart Class Initialized
DEBUG - 2025-06-13 14:49:30 --> Session: Class initialized using 'CodeIgniter\Session\Handlers\FileHandler' driver.
INFO - 2025-06-13 14:49:30 --> Cart Class Initialized
DEBUG - 2025-06-13 14:49:35 --> Session: Class initialized using 'CodeIgniter\Session\Handlers\FileHandler' driver.
INFO - 2025-06-13 14:49:35 --> Cart Class Initialized
DEBUG - 2025-06-13 14:49:35 --> Session: Class initialized using 'CodeIgniter\Session\Handlers\FileHandler' driver.
INFO - 2025-06-13 14:49:35 --> Cart Class Initialized
DEBUG - 2025-06-13 14:49:48 --> Session: Class initialized using 'CodeIgniter\Session\Handlers\FileHandler' driver.
INFO - 2025-06-13 14:49:48 --> Cart Class Initialized
DEBUG - 2025-06-13 14:49:49 --> Session: Class initialized using 'CodeIgniter\Session\Handlers\FileHandler' driver.
INFO - 2025-06-13 14:49:49 --> Cart Class Initialized
DEBUG - 2025-06-13 14:49:53 --> Session: Class initialized using 'CodeIgniter\Session\Handlers\FileHandler' driver.
INFO - 2025-06-13 14:49:53 --> Cart Class Initialized
DEBUG - 2025-06-13 14:50:01 --> Session: Class initialized using 'CodeIgniter\Session\Handlers\FileHandler' driver.
INFO - 2025-06-13 14:50:01 --> Cart Class Initialized
DEBUG - 2025-06-13 14:50:02 --> Session: Class initialized using 'CodeIgniter\Session\Handlers\FileHandler' driver.
INFO - 2025-06-13 14:50:02 --> Cart Class Initialized
DEBUG - 2025-06-13 14:50:08 --> Session: Class initialized using 'CodeIgniter\Session\Handlers\FileHandler' driver.
INFO - 2025-06-13 14:50:08 --> Cart Class Initialized
DEBUG - 2025-06-13 14:50:08 --> Session: Class initialized using 'CodeIgniter\Session\Handlers\FileHandler' driver.
INFO - 2025-06-13 14:50:09 --> Cart Class Initialized
DEBUG - 2025-06-13 14:50:14 --> Session: Class initialized using 'CodeIgniter\Session\Handlers\FileHandler' driver.
INFO - 2025-06-13 14:50:14 --> Cart Class Initialized
DEBUG - 2025-06-13 14:50:21 --> Session: Class initialized using 'CodeIgniter\Session\Handlers\FileHandler' driver.
INFO - 2025-06-13 14:50:21 --> Cart Class Initialized
DEBUG - 2025-06-13 14:50:29 --> Session: Class initialized using 'CodeIgniter\Session\Handlers\FileHandler' driver.
INFO - 2025-06-13 14:50:29 --> Cart Class Initialized
DEBUG - 2025-06-13 19:10:39 --> Session: Class initialized using 'CodeIgniter\Session\Handlers\FileHandler' driver.
DEBUG - 2025-06-13 19:10:47 --> Session: Class initialized using 'CodeIgniter\Session\Handlers\FileHandler' driver.
INFO - 2025-06-13 19:10:47 --> Cart Class Initialized
DEBUG - 2025-06-13 19:10:58 --> Session: Class initialized using 'CodeIgniter\Session\Handlers\FileHandler' driver.
DEBUG - 2025-06-13 19:14:55 --> Session: Class initialized using 'CodeIgniter\Session\Handlers\FileHandler' driver.
DEBUG - 2025-06-13 19:15:05 --> Session: Class initialized using 'CodeIgniter\Session\Handlers\FileHandler' driver.
INFO - 2025-06-13 19:15:05 --> Cart Class Initialized
DEBUG - 2025-06-13 19:15:05 --> Session: Class initialized using 'CodeIgniter\Session\Handlers\FileHandler' driver.
DEBUG - 2025-06-13 19:15:20 --> Session: Class initialized using 'CodeIgniter\Session\Handlers\FileHandler' driver.
ERROR - 2025-06-13 19:15:24 --> Error connecting to the database: mysqli_sql_exception: No se puede establecer una conexión ya que el equipo de destino denegó expresamente dicha conexión in C:\xampp\htdocs\Proyecto-CVA-Muebles\system\Database\MySQLi\Connection.php:201
Stack trace:
#0 C:\xampp\htdocs\Proyecto-CVA-Muebles\system\Database\MySQLi\Connection.php(201): mysqli->real_connect('localhost', 'root', Object(SensitiveParameterValue), 'arce_acevedo', 3306, '', 0)
#1 C:\xampp\htdocs\Proyecto-CVA-Muebles\system\Database\BaseConnection.php(421): CodeIgniter\Database\MySQLi\Connection->connect(false)
#2 C:\xampp\htdocs\Proyecto-CVA-Muebles\system\Database\BaseConnection.php(620): CodeIgniter\Database\BaseConnection->initialize()
#3 C:\xampp\htdocs\Proyecto-CVA-Muebles\system\Database\BaseBuilder.php(1649): CodeIgniter\Database\BaseConnection->query('SELECT *\nFROM `...', Array, false)
#4 C:\xampp\htdocs\Proyecto-CVA-Muebles\system\Model.php(330): CodeIgniter\Database\BaseBuilder->get()
#5 C:\xampp\htdocs\Proyecto-CVA-Muebles\system\BaseModel.php(713): CodeIgniter\Model->doFirst()
#6 C:\xampp\htdocs\Proyecto-CVA-Muebles\app\Controllers\LoginController.php(48): CodeIgniter\BaseModel->first()
#7 C:\xampp\htdocs\Proyecto-CVA-Muebles\system\CodeIgniter.php(933): App\Controllers\LoginController->auth()
#8 C:\xampp\htdocs\Proyecto-CVA-Muebles\system\CodeIgniter.php(507): CodeIgniter\CodeIgniter->runController(Object(App\Controllers\LoginController))
#9 C:\xampp\htdocs\Proyecto-CVA-Muebles\system\CodeIgniter.php(354): CodeIgniter\CodeIgniter->handleRequest(NULL, Object(Config\Cache), false)
#10 C:\xampp\htdocs\Proyecto-CVA-Muebles\system\Boot.php(334): CodeIgniter\CodeIgniter->run()
#11 C:\xampp\htdocs\Proyecto-CVA-Muebles\system\Boot.php(67): CodeIgniter\Boot::runCodeIgniter(Object(CodeIgniter\CodeIgniter))
#12 C:\xampp\htdocs\Proyecto-CVA-Muebles\index.php(56): CodeIgniter\Boot::bootWeb(Object(Config\Paths))
#13 {main}

Next CodeIgniter\Database\Exceptions\DatabaseException: No se puede establecer una conexión ya que el equipo de destino denegó expresamente dicha conexión in C:\xampp\htdocs\Proyecto-CVA-Muebles\system\Database\MySQLi\Connection.php:246
Stack trace:
#0 C:\xampp\htdocs\Proyecto-CVA-Muebles\system\Database\BaseConnection.php(421): CodeIgniter\Database\MySQLi\Connection->connect(false)
#1 C:\xampp\htdocs\Proyecto-CVA-Muebles\system\Database\BaseConnection.php(620): CodeIgniter\Database\BaseConnection->initialize()
#2 C:\xampp\htdocs\Proyecto-CVA-Muebles\system\Database\BaseBuilder.php(1649): CodeIgniter\Database\BaseConnection->query('SELECT *\nFROM `...', Array, false)
#3 C:\xampp\htdocs\Proyecto-CVA-Muebles\system\Model.php(330): CodeIgniter\Database\BaseBuilder->get()
#4 C:\xampp\htdocs\Proyecto-CVA-Muebles\system\BaseModel.php(713): CodeIgniter\Model->doFirst()
#5 C:\xampp\htdocs\Proyecto-CVA-Muebles\app\Controllers\LoginController.php(48): CodeIgniter\BaseModel->first()
#6 C:\xampp\htdocs\Proyecto-CVA-Muebles\system\CodeIgniter.php(933): App\Controllers\LoginController->auth()
#7 C:\xampp\htdocs\Proyecto-CVA-Muebles\system\CodeIgniter.php(507): CodeIgniter\CodeIgniter->runController(Object(App\Controllers\LoginController))
#8 C:\xampp\htdocs\Proyecto-CVA-Muebles\system\CodeIgniter.php(354): CodeIgniter\CodeIgniter->handleRequest(NULL, Object(Config\Cache), false)
#9 C:\xampp\htdocs\Proyecto-CVA-Muebles\system\Boot.php(334): CodeIgniter\CodeIgniter->run()
#10 C:\xampp\htdocs\Proyecto-CVA-Muebles\system\Boot.php(67): CodeIgniter\Boot::runCodeIgniter(Object(CodeIgniter\CodeIgniter))
#11 C:\xampp\htdocs\Proyecto-CVA-Muebles\index.php(56): CodeIgniter\Boot::bootWeb(Object(Config\Paths))
#12 {main}
CRITICAL - 2025-06-13 19:15:24 --> CodeIgniter\Database\Exceptions\DatabaseException: Unable to connect to the database.
Main connection [MySQLi]: No se puede establecer una conexión ya que el equipo de destino denegó expresamente dicha conexión
[Method: POST, Route: enviar-login]
in SYSTEMPATH\Database\BaseConnection.php on line 467.
 1 SYSTEMPATH\Database\BaseConnection.php(620): CodeIgniter\Database\BaseConnection->initialize()
 2 SYSTEMPATH\Database\BaseBuilder.php(1649): CodeIgniter\Database\BaseConnection->query('SELECT *
FROM `usuarios`
WHERE `email` = :email:
OR `usuario` = :usuario:
 LIMIT 1', [...], false)
 3 SYSTEMPATH\Model.php(330): CodeIgniter\Database\BaseBuilder->get()
 4 SYSTEMPATH\BaseModel.php(713): CodeIgniter\Model->doFirst()
 5 APPPATH\Controllers\LoginController.php(48): CodeIgniter\BaseModel->first()
 6 SYSTEMPATH\CodeIgniter.php(933): App\Controllers\LoginController->auth()
 7 SYSTEMPATH\CodeIgniter.php(507): CodeIgniter\CodeIgniter->runController(Object(App\Controllers\LoginController))
 8 SYSTEMPATH\CodeIgniter.php(354): CodeIgniter\CodeIgniter->handleRequest(null, Object(Config\Cache), false)
 9 SYSTEMPATH\Boot.php(334): CodeIgniter\CodeIgniter->run()
10 SYSTEMPATH\Boot.php(67): CodeIgniter\Boot::runCodeIgniter(Object(CodeIgniter\CodeIgniter))
11 FCPATH\index.php(56): CodeIgniter\Boot::bootWeb(Object(Config\Paths))
DEBUG - 2025-06-13 19:15:35 --> Session: Class initialized using 'CodeIgniter\Session\Handlers\FileHandler' driver.
DEBUG - 2025-06-13 19:16:03 --> Session: Class initialized using 'CodeIgniter\Session\Handlers\FileHandler' driver.
DEBUG - 2025-06-13 19:16:03 --> Session: Class initialized using 'CodeIgniter\Session\Handlers\FileHandler' driver.
DEBUG - 2025-06-13 19:16:14 --> Session: Class initialized using 'CodeIgniter\Session\Handlers\FileHandler' driver.
INFO - 2025-06-13 19:16:14 --> Cart Class Initialized
DEBUG - 2025-06-13 19:16:17 --> Session: Class initialized using 'CodeIgniter\Session\Handlers\FileHandler' driver.
INFO - 2025-06-13 19:16:17 --> Cart Class Initialized
DEBUG - 2025-06-13 19:16:20 --> Session: Class initialized using 'CodeIgniter\Session\Handlers\FileHandler' driver.
INFO - 2025-06-13 19:16:20 --> Cart Class Initialized
DEBUG - 2025-06-13 19:16:21 --> Session: Class initialized using 'CodeIgniter\Session\Handlers\FileHandler' driver.
INFO - 2025-06-13 19:16:21 --> Cart Class Initialized
DEBUG - 2025-06-13 19:16:23 --> Session: Class initialized using 'CodeIgniter\Session\Handlers\FileHandler' driver.
INFO - 2025-06-13 19:16:23 --> Cart Class Initialized
DEBUG - 2025-06-13 19:16:24 --> Session: Class initialized using 'CodeIgniter\Session\Handlers\FileHandler' driver.
INFO - 2025-06-13 19:16:24 --> Cart Class Initialized
DEBUG - 2025-06-13 19:16:28 --> Session: Class initialized using 'CodeIgniter\Session\Handlers\FileHandler' driver.
INFO - 2025-06-13 19:16:28 --> Cart Class Initialized
DEBUG - 2025-06-13 19:16:34 --> Session: Class initialized using 'CodeIgniter\Session\Handlers\FileHandler' driver.
INFO - 2025-06-13 19:16:34 --> Cart Class Initialized
DEBUG - 2025-06-13 19:16:34 --> Session: Class initialized using 'CodeIgniter\Session\Handlers\FileHandler' driver.
INFO - 2025-06-13 19:16:34 --> Cart Class Initialized
DEBUG - 2025-06-13 19:16:36 --> Session: Class initialized using 'CodeIgniter\Session\Handlers\FileHandler' driver.
INFO - 2025-06-13 19:16:36 --> Cart Class Initialized
DEBUG - 2025-06-13 19:16:36 --> Session: Class initialized using 'CodeIgniter\Session\Handlers\FileHandler' driver.
INFO - 2025-06-13 19:16:36 --> Cart Class Initialized
DEBUG - 2025-06-13 19:16:37 --> Session: Class initialized using 'CodeIgniter\Session\Handlers\FileHandler' driver.
INFO - 2025-06-13 19:16:37 --> Cart Class Initialized
DEBUG - 2025-06-13 19:16:40 --> Session: Class initialized using 'CodeIgniter\Session\Handlers\FileHandler' driver.
INFO - 2025-06-13 19:16:40 --> Cart Class Initialized
DEBUG - 2025-06-13 19:16:40 --> Session: Class initialized using 'CodeIgniter\Session\Handlers\FileHandler' driver.
INFO - 2025-06-13 19:16:40 --> Cart Class Initialized
DEBUG - 2025-06-13 19:16:44 --> Session: Class initialized using 'CodeIgniter\Session\Handlers\FileHandler' driver.
INFO - 2025-06-13 19:16:44 --> Cart Class Initialized
DEBUG - 2025-06-13 19:16:44 --> Session: Class initialized using 'CodeIgniter\Session\Handlers\FileHandler' driver.
INFO - 2025-06-13 19:16:44 --> Cart Class Initialized
DEBUG - 2025-06-13 19:16:46 --> Session: Class initialized using 'CodeIgniter\Session\Handlers\FileHandler' driver.
INFO - 2025-06-13 19:16:46 --> Cart Class Initialized
DEBUG - 2025-06-13 19:16:46 --> Session: Class initialized using 'CodeIgniter\Session\Handlers\FileHandler' driver.
INFO - 2025-06-13 19:16:46 --> Cart Class Initialized
DEBUG - 2025-06-13 19:16:50 --> Session: Class initialized using 'CodeIgniter\Session\Handlers\FileHandler' driver.
INFO - 2025-06-13 19:16:50 --> Cart Class Initialized
DEBUG - 2025-06-13 19:18:23 --> Session: Class initialized using 'CodeIgniter\Session\Handlers\FileHandler' driver.
INFO - 2025-06-13 19:18:23 --> Cart Class Initialized
DEBUG - 2025-06-13 19:18:38 --> Session: Class initialized using 'CodeIgniter\Session\Handlers\FileHandler' driver.
INFO - 2025-06-13 19:18:38 --> Cart Class Initialized
DEBUG - 2025-06-13 19:18:38 --> Session: Class initialized using 'CodeIgniter\Session\Handlers\FileHandler' driver.
INFO - 2025-06-13 19:18:38 --> Cart Class Initialized
DEBUG - 2025-06-13 19:18:40 --> Session: Class initialized using 'CodeIgniter\Session\Handlers\FileHandler' driver.
INFO - 2025-06-13 19:18:40 --> Cart Class Initialized
DEBUG - 2025-06-13 19:18:40 --> Session: Class initialized using 'CodeIgniter\Session\Handlers\FileHandler' driver.
INFO - 2025-06-13 19:18:40 --> Cart Class Initialized
DEBUG - 2025-06-13 19:18:48 --> Session: Class initialized using 'CodeIgniter\Session\Handlers\FileHandler' driver.
INFO - 2025-06-13 19:18:48 --> Cart Class Initialized
DEBUG - 2025-06-13 19:18:48 --> Session: Class initialized using 'CodeIgniter\Session\Handlers\FileHandler' driver.
INFO - 2025-06-13 19:18:48 --> Cart Class Initialized
DEBUG - 2025-06-13 19:18:49 --> Session: Class initialized using 'CodeIgniter\Session\Handlers\FileHandler' driver.
INFO - 2025-06-13 19:18:49 --> Cart Class Initialized
DEBUG - 2025-06-13 19:18:58 --> Session: Class initialized using 'CodeIgniter\Session\Handlers\FileHandler' driver.
INFO - 2025-06-13 19:18:58 --> Cart Class Initialized
DEBUG - 2025-06-13 19:19:02 --> Session: Class initialized using 'CodeIgniter\Session\Handlers\FileHandler' driver.
INFO - 2025-06-13 19:19:02 --> Cart Class Initialized
DEBUG - 2025-06-13 19:19:02 --> Session: Class initialized using 'CodeIgniter\Session\Handlers\FileHandler' driver.
INFO - 2025-06-13 19:19:02 --> Cart Class Initialized
DEBUG - 2025-06-13 19:19:04 --> Session: Class initialized using 'CodeIgniter\Session\Handlers\FileHandler' driver.
INFO - 2025-06-13 19:19:04 --> Cart Class Initialized
DEBUG - 2025-06-13 19:19:04 --> Session: Class initialized using 'CodeIgniter\Session\Handlers\FileHandler' driver.
INFO - 2025-06-13 19:19:04 --> Cart Class Initialized
DEBUG - 2025-06-13 19:19:07 --> Session: Class initialized using 'CodeIgniter\Session\Handlers\FileHandler' driver.
INFO - 2025-06-13 19:19:07 --> Cart Class Initialized
DEBUG - 2025-06-13 19:19:07 --> Session: Class initialized using 'CodeIgniter\Session\Handlers\FileHandler' driver.
INFO - 2025-06-13 19:19:07 --> Cart Class Initialized
DEBUG - 2025-06-13 19:19:15 --> Session: Class initialized using 'CodeIgniter\Session\Handlers\FileHandler' driver.
INFO - 2025-06-13 19:19:15 --> Cart Class Initialized
DEBUG - 2025-06-13 19:19:19 --> Session: Class initialized using 'CodeIgniter\Session\Handlers\FileHandler' driver.
INFO - 2025-06-13 19:19:19 --> Cart Class Initialized
DEBUG - 2025-06-13 19:19:19 --> Session: Class initialized using 'CodeIgniter\Session\Handlers\FileHandler' driver.
INFO - 2025-06-13 19:19:19 --> Cart Class Initialized
DEBUG - 2025-06-13 19:19:22 --> Session: Class initialized using 'CodeIgniter\Session\Handlers\FileHandler' driver.
INFO - 2025-06-13 19:19:22 --> Cart Class Initialized
DEBUG - 2025-06-13 19:19:23 --> Session: Class initialized using 'CodeIgniter\Session\Handlers\FileHandler' driver.
INFO - 2025-06-13 19:19:23 --> Cart Class Initialized
DEBUG - 2025-06-13 19:19:25 --> Session: Class initialized using 'CodeIgniter\Session\Handlers\FileHandler' driver.
INFO - 2025-06-13 19:19:25 --> Cart Class Initialized
DEBUG - 2025-06-13 19:19:25 --> Session: Class initialized using 'CodeIgniter\Session\Handlers\FileHandler' driver.
INFO - 2025-06-13 19:19:25 --> Cart Class Initialized
DEBUG - 2025-06-13 19:19:26 --> Session: Class initialized using 'CodeIgniter\Session\Handlers\FileHandler' driver.
INFO - 2025-06-13 19:19:26 --> Cart Class Initialized
DEBUG - 2025-06-13 19:19:26 --> Session: Class initialized using 'CodeIgniter\Session\Handlers\FileHandler' driver.
INFO - 2025-06-13 19:19:26 --> Cart Class Initialized
DEBUG - 2025-06-13 19:19:27 --> Session: Class initialized using 'CodeIgniter\Session\Handlers\FileHandler' driver.
INFO - 2025-06-13 19:19:27 --> Cart Class Initialized
DEBUG - 2025-06-13 19:19:27 --> Session: Class initialized using 'CodeIgniter\Session\Handlers\FileHandler' driver.
INFO - 2025-06-13 19:19:27 --> Cart Class Initialized
DEBUG - 2025-06-13 19:19:28 --> Session: Class initialized using 'CodeIgniter\Session\Handlers\FileHandler' driver.
INFO - 2025-06-13 19:19:28 --> Cart Class Initialized
DEBUG - 2025-06-13 19:19:28 --> Session: Class initialized using 'CodeIgniter\Session\Handlers\FileHandler' driver.
INFO - 2025-06-13 19:19:28 --> Cart Class Initialized
DEBUG - 2025-06-13 19:19:30 --> Session: Class initialized using 'CodeIgniter\Session\Handlers\FileHandler' driver.
INFO - 2025-06-13 19:19:30 --> Cart Class Initialized
DEBUG - 2025-06-13 19:19:30 --> Session: Class initialized using 'CodeIgniter\Session\Handlers\FileHandler' driver.
INFO - 2025-06-13 19:19:30 --> Cart Class Initialized
DEBUG - 2025-06-13 19:19:33 --> Session: Class initialized using 'CodeIgniter\Session\Handlers\FileHandler' driver.
INFO - 2025-06-13 19:19:33 --> Cart Class Initialized
DEBUG - 2025-06-13 19:19:33 --> Session: Class initialized using 'CodeIgniter\Session\Handlers\FileHandler' driver.
INFO - 2025-06-13 19:19:33 --> Cart Class Initialized
DEBUG - 2025-06-13 19:19:40 --> Session: Class initialized using 'CodeIgniter\Session\Handlers\FileHandler' driver.
INFO - 2025-06-13 19:19:40 --> Cart Class Initialized
DEBUG - 2025-06-13 19:19:40 --> Session: Class initialized using 'CodeIgniter\Session\Handlers\FileHandler' driver.
INFO - 2025-06-13 19:19:40 --> Cart Class Initialized
DEBUG - 2025-06-13 19:19:42 --> Session: Class initialized using 'CodeIgniter\Session\Handlers\FileHandler' driver.
INFO - 2025-06-13 19:19:42 --> Cart Class Initialized
DEBUG - 2025-06-13 19:20:08 --> Session: Class initialized using 'CodeIgniter\Session\Handlers\FileHandler' driver.
INFO - 2025-06-13 19:20:08 --> Cart Class Initialized
DEBUG - 2025-06-13 19:20:08 --> Session: Class initialized using 'CodeIgniter\Session\Handlers\FileHandler' driver.
INFO - 2025-06-13 19:20:08 --> Cart Class Initialized
DEBUG - 2025-06-13 19:20:32 --> Session: Class initialized using 'CodeIgniter\Session\Handlers\FileHandler' driver.
DEBUG - 2025-06-13 19:20:32 --> Session: Class initialized using 'CodeIgniter\Session\Handlers\FileHandler' driver.
DEBUG - 2025-06-13 19:20:34 --> Session: Class initialized using 'CodeIgniter\Session\Handlers\FileHandler' driver.
DEBUG - 2025-06-13 19:20:44 --> Session: Class initialized using 'CodeIgniter\Session\Handlers\FileHandler' driver.
DEBUG - 2025-06-13 19:20:47 --> Session: Class initialized using 'CodeIgniter\Session\Handlers\FileHandler' driver.
DEBUG - 2025-06-13 19:20:59 --> Session: Class initialized using 'CodeIgniter\Session\Handlers\FileHandler' driver.
DEBUG - 2025-06-13 19:21:13 --> Session: Class initialized using 'CodeIgniter\Session\Handlers\FileHandler' driver.
INFO - 2025-06-13 19:21:13 --> Cart Class Initialized
DEBUG - 2025-06-13 19:21:49 --> Session: Class initialized using 'CodeIgniter\Session\Handlers\FileHandler' driver.
INFO - 2025-06-13 19:21:49 --> Cart Class Initialized
DEBUG - 2025-06-13 19:21:49 --> Session: Class initialized using 'CodeIgniter\Session\Handlers\FileHandler' driver.
INFO - 2025-06-13 19:21:49 --> Cart Class Initialized
DEBUG - 2025-06-13 19:21:54 --> Session: Class initialized using 'CodeIgniter\Session\Handlers\FileHandler' driver.
INFO - 2025-06-13 19:21:54 --> Cart Class Initialized
DEBUG - 2025-06-13 19:21:54 --> Session: Class initialized using 'CodeIgniter\Session\Handlers\FileHandler' driver.
INFO - 2025-06-13 19:21:54 --> Cart Class Initialized
DEBUG - 2025-06-13 19:22:01 --> Session: Class initialized using 'CodeIgniter\Session\Handlers\FileHandler' driver.
INFO - 2025-06-13 19:22:01 --> Cart Class Initialized
DEBUG - 2025-06-13 19:22:01 --> Session: Class initialized using 'CodeIgniter\Session\Handlers\FileHandler' driver.
DEBUG - 2025-06-13 19:23:23 --> Session: Class initialized using 'CodeIgniter\Session\Handlers\FileHandler' driver.
DEBUG - 2025-06-13 19:23:23 --> Session: Class initialized using 'CodeIgniter\Session\Handlers\FileHandler' driver.
DEBUG - 2025-06-13 19:23:28 --> Session: Class initialized using 'CodeIgniter\Session\Handlers\FileHandler' driver.
INFO - 2025-06-13 19:23:28 --> Cart Class Initialized
DEBUG - 2025-06-13 19:27:51 --> Session: Class initialized using 'CodeIgniter\Session\Handlers\FileHandler' driver.
INFO - 2025-06-13 19:27:51 --> Cart Class Initialized
DEBUG - 2025-06-13 19:30:01 --> Session: Class initialized using 'CodeIgniter\Session\Handlers\FileHandler' driver.
INFO - 2025-06-13 19:30:01 --> Cart Class Initialized
