CRITICAL - 2025-04-18 00:28:44 --> ErrorException: Undefined property: CodeIgniter\View\View::$load
[Method: GET, Route: quienesSomos]
in APPPATH\Views\pages\quienesSomos.php on line 94.
 1 APPPATH\Views\pages\quienesSomos.php(94): CodeIgniter\Debug\Exceptions->errorHandler(2, 'Undefined property: CodeIgniter\\View\\View::$load', 'C:\\xampp\\htdocs\\proyecto_acevedo_arce\\app\\Views\\pages\\quienesSomos.php', 94)
 2 SYSTEMPATH\View\View.php(224): include('C:\\xampp\\htdocs\\proyecto_acevedo_arce\\app\\Views\\pages\\quienesSomos.php')
 3 SYSTEMPATH\View\View.php(227): CodeIgniter\View\View->CodeIgniter\View\{closure}()
 4 SYSTEMPATH\Common.php(1173): CodeIgniter\View\View->render('pages/quienesSomos', [], true)
 5 APPPATH\Controllers\Home.php(35): view('pages/quienesSomos')
 6 SYSTEMPATH\CodeIgniter.php(933): App\Controllers\Home->quienesSomos()
 7 SYSTEMPATH\CodeIgniter.php(507): CodeIgniter\CodeIgniter->runController(Object(App\Controllers\Home))
 8 SYSTEMPATH\CodeIgniter.php(354): CodeIgniter\CodeIgniter->handleRequest(null, Object(Config\Cache), false)
 9 SYSTEMPATH\Boot.php(334): CodeIgniter\CodeIgniter->run()
10 SYSTEMPATH\Boot.php(67): CodeIgniter\Boot::runCodeIgniter(Object(CodeIgniter\CodeIgniter))
11 FCPATH\index.php(56): CodeIgniter\Boot::bootWeb(Object(Config\Paths))
CRITICAL - 2025-04-18 00:29:45 --> ErrorException: Undefined property: CodeIgniter\View\View::$load
[Method: GET, Route: quienesSomos]
in APPPATH\Views\pages\quienesSomos.php on line 168.
 1 APPPATH\Views\pages\quienesSomos.php(168): CodeIgniter\Debug\Exceptions->errorHandler(2, 'Undefined property: CodeIgniter\\View\\View::$load', 'C:\\xampp\\htdocs\\proyecto_acevedo_arce\\app\\Views\\pages\\quienesSomos.php', 168)
 2 SYSTEMPATH\View\View.php(224): include('C:\\xampp\\htdocs\\proyecto_acevedo_arce\\app\\Views\\pages\\quienesSomos.php')
 3 SYSTEMPATH\View\View.php(227): CodeIgniter\View\View->CodeIgniter\View\{closure}()
 4 SYSTEMPATH\Common.php(1173): CodeIgniter\View\View->render('pages/quienesSomos', [], true)
 5 APPPATH\Controllers\Home.php(35): view('pages/quienesSomos')
 6 SYSTEMPATH\CodeIgniter.php(933): App\Controllers\Home->quienesSomos()
 7 SYSTEMPATH\CodeIgniter.php(507): CodeIgniter\CodeIgniter->runController(Object(App\Controllers\Home))
 8 SYSTEMPATH\CodeIgniter.php(354): CodeIgniter\CodeIgniter->handleRequest(null, Object(Config\Cache), false)
 9 SYSTEMPATH\Boot.php(334): CodeIgniter\CodeIgniter->run()
10 SYSTEMPATH\Boot.php(67): CodeIgniter\Boot::runCodeIgniter(Object(CodeIgniter\CodeIgniter))
11 FCPATH\index.php(56): CodeIgniter\Boot::bootWeb(Object(Config\Paths))
CRITICAL - 2025-04-18 00:29:49 --> ErrorException: Undefined property: CodeIgniter\View\View::$load
[Method: GET, Route: quienesSomos]
in APPPATH\Views\pages\quienesSomos.php on line 168.
 1 APPPATH\Views\pages\quienesSomos.php(168): CodeIgniter\Debug\Exceptions->errorHandler(2, 'Undefined property: CodeIgniter\\View\\View::$load', 'C:\\xampp\\htdocs\\proyecto_acevedo_arce\\app\\Views\\pages\\quienesSomos.php', 168)
 2 SYSTEMPATH\View\View.php(224): include('C:\\xampp\\htdocs\\proyecto_acevedo_arce\\app\\Views\\pages\\quienesSomos.php')
 3 SYSTEMPATH\View\View.php(227): CodeIgniter\View\View->CodeIgniter\View\{closure}()
 4 SYSTEMPATH\Common.php(1173): CodeIgniter\View\View->render('pages/quienesSomos', [], true)
 5 APPPATH\Controllers\Home.php(35): view('pages/quienesSomos')
 6 SYSTEMPATH\CodeIgniter.php(933): App\Controllers\Home->quienesSomos()
 7 SYSTEMPATH\CodeIgniter.php(507): CodeIgniter\CodeIgniter->runController(Object(App\Controllers\Home))
 8 SYSTEMPATH\CodeIgniter.php(354): CodeIgniter\CodeIgniter->handleRequest(null, Object(Config\Cache), false)
 9 SYSTEMPATH\Boot.php(334): CodeIgniter\CodeIgniter->run()
10 SYSTEMPATH\Boot.php(67): CodeIgniter\Boot::runCodeIgniter(Object(CodeIgniter\CodeIgniter))
11 FCPATH\index.php(56): CodeIgniter\Boot::bootWeb(Object(Config\Paths))
CRITICAL - 2025-04-18 01:20:57 --> CodeIgniter\View\Exceptions\ViewException: Invalid file: "pages/informacionContacto.php"
[Method: GET, Route: informacionContacto]
in SYSTEMPATH\Exceptions\FrameworkException.php on line 39.
 1 SYSTEMPATH\View\View.php(212): CodeIgniter\Exceptions\FrameworkException::forInvalidFile('pages/informacionContacto.php')
 2 SYSTEMPATH\Common.php(1173): CodeIgniter\View\View->render('pages/informacionContacto', [], true)
 3 APPPATH\Controllers\Home.php(45): view('pages/informacionContacto')
 4 SYSTEMPATH\CodeIgniter.php(933): App\Controllers\Home->informacionContacto()
 5 SYSTEMPATH\CodeIgniter.php(507): CodeIgniter\CodeIgniter->runController(Object(App\Controllers\Home))
 6 SYSTEMPATH\CodeIgniter.php(354): CodeIgniter\CodeIgniter->handleRequest(null, Object(Config\Cache), false)
 7 SYSTEMPATH\Boot.php(334): CodeIgniter\CodeIgniter->run()
 8 SYSTEMPATH\Boot.php(67): CodeIgniter\Boot::runCodeIgniter(Object(CodeIgniter\CodeIgniter))
 9 FCPATH\index.php(56): CodeIgniter\Boot::bootWeb(Object(Config\Paths))
CRITICAL - 2025-04-18 01:21:20 --> CodeIgniter\View\Exceptions\ViewException: Invalid file: "pages/informacionContacto.php"
[Method: GET, Route: informacionContacto]
in SYSTEMPATH\Exceptions\FrameworkException.php on line 39.
 1 SYSTEMPATH\View\View.php(212): CodeIgniter\Exceptions\FrameworkException::forInvalidFile('pages/informacionContacto.php')
 2 SYSTEMPATH\Common.php(1173): CodeIgniter\View\View->render('pages/informacionContacto', [], true)
 3 APPPATH\Controllers\Home.php(45): view('pages/informacionContacto')
 4 SYSTEMPATH\CodeIgniter.php(933): App\Controllers\Home->informacionContacto()
 5 SYSTEMPATH\CodeIgniter.php(507): CodeIgniter\CodeIgniter->runController(Object(App\Controllers\Home))
 6 SYSTEMPATH\CodeIgniter.php(354): CodeIgniter\CodeIgniter->handleRequest(null, Object(Config\Cache), false)
 7 SYSTEMPATH\Boot.php(334): CodeIgniter\CodeIgniter->run()
 8 SYSTEMPATH\Boot.php(67): CodeIgniter\Boot::runCodeIgniter(Object(CodeIgniter\CodeIgniter))
 9 FCPATH\index.php(56): CodeIgniter\Boot::bootWeb(Object(Config\Paths))
CRITICAL - 2025-04-18 01:22:27 --> CodeIgniter\View\Exceptions\ViewException: Invalid file: "pages/informacionContacto.php"
[Method: GET, Route: informacionContacto]
in SYSTEMPATH\Exceptions\FrameworkException.php on line 39.
 1 SYSTEMPATH\View\View.php(212): CodeIgniter\Exceptions\FrameworkException::forInvalidFile('pages/informacionContacto.php')
 2 SYSTEMPATH\Common.php(1173): CodeIgniter\View\View->render('pages/informacionContacto', [], true)
 3 APPPATH\Controllers\Home.php(45): view('pages/informacionContacto')
 4 SYSTEMPATH\CodeIgniter.php(933): App\Controllers\Home->informacionContacto()
 5 SYSTEMPATH\CodeIgniter.php(507): CodeIgniter\CodeIgniter->runController(Object(App\Controllers\Home))
 6 SYSTEMPATH\CodeIgniter.php(354): CodeIgniter\CodeIgniter->handleRequest(null, Object(Config\Cache), false)
 7 SYSTEMPATH\Boot.php(334): CodeIgniter\CodeIgniter->run()
 8 SYSTEMPATH\Boot.php(67): CodeIgniter\Boot::runCodeIgniter(Object(CodeIgniter\CodeIgniter))
 9 FCPATH\index.php(56): CodeIgniter\Boot::bootWeb(Object(Config\Paths))
CRITICAL - 2025-04-18 01:22:30 --> ErrorException: Undefined property: CodeIgniter\View\View::$load
[Method: GET, Route: comercializacion]
in APPPATH\Views\pages\comercializacion.php on line 100.
 1 APPPATH\Views\pages\comercializacion.php(100): CodeIgniter\Debug\Exceptions->errorHandler(2, 'Undefined property: CodeIgniter\\View\\View::$load', 'C:\\xampp\\htdocs\\proyecto_acevedo_arce\\app\\Views\\pages\\comercializacion.php', 100)
 2 SYSTEMPATH\View\View.php(224): include('C:\\xampp\\htdocs\\proyecto_acevedo_arce\\app\\Views\\pages\\comercializacion.php')
 3 SYSTEMPATH\View\View.php(227): CodeIgniter\View\View->CodeIgniter\View\{closure}()
 4 SYSTEMPATH\Common.php(1173): CodeIgniter\View\View->render('pages/comercializacion', [], true)
 5 APPPATH\Controllers\Home.php(40): view('pages/comercializacion')
 6 SYSTEMPATH\CodeIgniter.php(933): App\Controllers\Home->comercializacion()
 7 SYSTEMPATH\CodeIgniter.php(507): CodeIgniter\CodeIgniter->runController(Object(App\Controllers\Home))
 8 SYSTEMPATH\CodeIgniter.php(354): CodeIgniter\CodeIgniter->handleRequest(null, Object(Config\Cache), false)
 9 SYSTEMPATH\Boot.php(334): CodeIgniter\CodeIgniter->run()
10 SYSTEMPATH\Boot.php(67): CodeIgniter\Boot::runCodeIgniter(Object(CodeIgniter\CodeIgniter))
11 FCPATH\index.php(56): CodeIgniter\Boot::bootWeb(Object(Config\Paths))
CRITICAL - 2025-04-18 01:23:56 --> CodeIgniter\View\Exceptions\ViewException: Invalid file: "pages/informacionContacto.php"
[Method: GET, Route: informacionContacto]
in SYSTEMPATH\Exceptions\FrameworkException.php on line 39.
 1 SYSTEMPATH\View\View.php(212): CodeIgniter\Exceptions\FrameworkException::forInvalidFile('pages/informacionContacto.php')
 2 SYSTEMPATH\Common.php(1173): CodeIgniter\View\View->render('pages/informacionContacto', [], true)
 3 APPPATH\Controllers\Home.php(45): view('pages/informacionContacto')
 4 SYSTEMPATH\CodeIgniter.php(933): App\Controllers\Home->informacionContacto()
 5 SYSTEMPATH\CodeIgniter.php(507): CodeIgniter\CodeIgniter->runController(Object(App\Controllers\Home))
 6 SYSTEMPATH\CodeIgniter.php(354): CodeIgniter\CodeIgniter->handleRequest(null, Object(Config\Cache), false)
 7 SYSTEMPATH\Boot.php(334): CodeIgniter\CodeIgniter->run()
 8 SYSTEMPATH\Boot.php(67): CodeIgniter\Boot::runCodeIgniter(Object(CodeIgniter\CodeIgniter))
 9 FCPATH\index.php(56): CodeIgniter\Boot::bootWeb(Object(Config\Paths))
CRITICAL - 2025-04-18 01:26:22 --> ErrorException: Undefined property: CodeIgniter\View\View::$load
[Method: GET, Route: quienesSomos]
in APPPATH\Views\pages\quienesSomos.php on line 94.
 1 APPPATH\Views\pages\quienesSomos.php(94): CodeIgniter\Debug\Exceptions->errorHandler(2, 'Undefined property: CodeIgniter\\View\\View::$load', 'C:\\xampp\\htdocs\\proyecto_acevedo_arce\\app\\Views\\pages\\quienesSomos.php', 94)
 2 SYSTEMPATH\View\View.php(224): include('C:\\xampp\\htdocs\\proyecto_acevedo_arce\\app\\Views\\pages\\quienesSomos.php')
 3 SYSTEMPATH\View\View.php(227): CodeIgniter\View\View->CodeIgniter\View\{closure}()
 4 SYSTEMPATH\Common.php(1173): CodeIgniter\View\View->render('pages/quienesSomos', [], true)
 5 APPPATH\Controllers\Home.php(35): view('pages/quienesSomos')
 6 SYSTEMPATH\CodeIgniter.php(933): App\Controllers\Home->quienesSomos()
 7 SYSTEMPATH\CodeIgniter.php(507): CodeIgniter\CodeIgniter->runController(Object(App\Controllers\Home))
 8 SYSTEMPATH\CodeIgniter.php(354): CodeIgniter\CodeIgniter->handleRequest(null, Object(Config\Cache), false)
 9 SYSTEMPATH\Boot.php(334): CodeIgniter\CodeIgniter->run()
10 SYSTEMPATH\Boot.php(67): CodeIgniter\Boot::runCodeIgniter(Object(CodeIgniter\CodeIgniter))
11 FCPATH\index.php(56): CodeIgniter\Boot::bootWeb(Object(Config\Paths))
CRITICAL - 2025-04-18 01:26:26 --> ErrorException: Undefined property: CodeIgniter\View\View::$load
[Method: GET, Route: quienesSomos]
in APPPATH\Views\pages\quienesSomos.php on line 94.
 1 APPPATH\Views\pages\quienesSomos.php(94): CodeIgniter\Debug\Exceptions->errorHandler(2, 'Undefined property: CodeIgniter\\View\\View::$load', 'C:\\xampp\\htdocs\\proyecto_acevedo_arce\\app\\Views\\pages\\quienesSomos.php', 94)
 2 SYSTEMPATH\View\View.php(224): include('C:\\xampp\\htdocs\\proyecto_acevedo_arce\\app\\Views\\pages\\quienesSomos.php')
 3 SYSTEMPATH\View\View.php(227): CodeIgniter\View\View->CodeIgniter\View\{closure}()
 4 SYSTEMPATH\Common.php(1173): CodeIgniter\View\View->render('pages/quienesSomos', [], true)
 5 APPPATH\Controllers\Home.php(35): view('pages/quienesSomos')
 6 SYSTEMPATH\CodeIgniter.php(933): App\Controllers\Home->quienesSomos()
 7 SYSTEMPATH\CodeIgniter.php(507): CodeIgniter\CodeIgniter->runController(Object(App\Controllers\Home))
 8 SYSTEMPATH\CodeIgniter.php(354): CodeIgniter\CodeIgniter->handleRequest(null, Object(Config\Cache), false)
 9 SYSTEMPATH\Boot.php(334): CodeIgniter\CodeIgniter->run()
10 SYSTEMPATH\Boot.php(67): CodeIgniter\Boot::runCodeIgniter(Object(CodeIgniter\CodeIgniter))
11 FCPATH\index.php(56): CodeIgniter\Boot::bootWeb(Object(Config\Paths))
CRITICAL - 2025-04-18 01:31:42 --> ErrorException: Undefined variable $footerData
[Method: GET, Route: quienesSomos]
in APPPATH\Views\pages\quienesSomos.php on line 208.
 1 APPPATH\Views\pages\quienesSomos.php(208): CodeIgniter\Debug\Exceptions->errorHandler(2, 'Undefined variable $footerData', 'C:\\xampp\\htdocs\\proyecto_acevedo_arce\\app\\Views\\pages\\quienesSomos.php', 208)
 2 SYSTEMPATH\View\View.php(224): include('C:\\xampp\\htdocs\\proyecto_acevedo_arce\\app\\Views\\pages\\quienesSomos.php')
 3 SYSTEMPATH\View\View.php(227): CodeIgniter\View\View->CodeIgniter\View\{closure}()
 4 SYSTEMPATH\Common.php(1173): CodeIgniter\View\View->render('pages/quienesSomos', [], true)
 5 APPPATH\Controllers\Home.php(35): view('pages/quienesSomos')
 6 SYSTEMPATH\CodeIgniter.php(933): App\Controllers\Home->quienesSomos()
 7 SYSTEMPATH\CodeIgniter.php(507): CodeIgniter\CodeIgniter->runController(Object(App\Controllers\Home))
 8 SYSTEMPATH\CodeIgniter.php(354): CodeIgniter\CodeIgniter->handleRequest(null, Object(Config\Cache), false)
 9 SYSTEMPATH\Boot.php(334): CodeIgniter\CodeIgniter->run()
10 SYSTEMPATH\Boot.php(67): CodeIgniter\Boot::runCodeIgniter(Object(CodeIgniter\CodeIgniter))
11 FCPATH\index.php(56): CodeIgniter\Boot::bootWeb(Object(Config\Paths))
CRITICAL - 2025-04-18 01:32:41 --> ErrorException: Undefined variable $footerData
[Method: GET, Route: quienesSomos]
in APPPATH\Views\pages\quienesSomos.php on line 210.
 1 APPPATH\Views\pages\quienesSomos.php(210): CodeIgniter\Debug\Exceptions->errorHandler(2, 'Undefined variable $footerData', 'C:\\xampp\\htdocs\\proyecto_acevedo_arce\\app\\Views\\pages\\quienesSomos.php', 210)
 2 SYSTEMPATH\View\View.php(224): include('C:\\xampp\\htdocs\\proyecto_acevedo_arce\\app\\Views\\pages\\quienesSomos.php')
 3 SYSTEMPATH\View\View.php(227): CodeIgniter\View\View->CodeIgniter\View\{closure}()
 4 SYSTEMPATH\Common.php(1173): CodeIgniter\View\View->render('pages/quienesSomos', [], true)
 5 APPPATH\Controllers\Home.php(35): view('pages/quienesSomos')
 6 SYSTEMPATH\CodeIgniter.php(933): App\Controllers\Home->quienesSomos()
 7 SYSTEMPATH\CodeIgniter.php(507): CodeIgniter\CodeIgniter->runController(Object(App\Controllers\Home))
 8 SYSTEMPATH\CodeIgniter.php(354): CodeIgniter\CodeIgniter->handleRequest(null, Object(Config\Cache), false)
 9 SYSTEMPATH\Boot.php(334): CodeIgniter\CodeIgniter->run()
10 SYSTEMPATH\Boot.php(67): CodeIgniter\Boot::runCodeIgniter(Object(CodeIgniter\CodeIgniter))
11 FCPATH\index.php(56): CodeIgniter\Boot::bootWeb(Object(Config\Paths))
CRITICAL - 2025-04-18 01:32:43 --> ErrorException: Undefined variable $footerData
[Method: GET, Route: quienesSomos]
in APPPATH\Views\pages\quienesSomos.php on line 210.
 1 APPPATH\Views\pages\quienesSomos.php(210): CodeIgniter\Debug\Exceptions->errorHandler(2, 'Undefined variable $footerData', 'C:\\xampp\\htdocs\\proyecto_acevedo_arce\\app\\Views\\pages\\quienesSomos.php', 210)
 2 SYSTEMPATH\View\View.php(224): include('C:\\xampp\\htdocs\\proyecto_acevedo_arce\\app\\Views\\pages\\quienesSomos.php')
 3 SYSTEMPATH\View\View.php(227): CodeIgniter\View\View->CodeIgniter\View\{closure}()
 4 SYSTEMPATH\Common.php(1173): CodeIgniter\View\View->render('pages/quienesSomos', [], true)
 5 APPPATH\Controllers\Home.php(35): view('pages/quienesSomos')
 6 SYSTEMPATH\CodeIgniter.php(933): App\Controllers\Home->quienesSomos()
 7 SYSTEMPATH\CodeIgniter.php(507): CodeIgniter\CodeIgniter->runController(Object(App\Controllers\Home))
 8 SYSTEMPATH\CodeIgniter.php(354): CodeIgniter\CodeIgniter->handleRequest(null, Object(Config\Cache), false)
 9 SYSTEMPATH\Boot.php(334): CodeIgniter\CodeIgniter->run()
10 SYSTEMPATH\Boot.php(67): CodeIgniter\Boot::runCodeIgniter(Object(CodeIgniter\CodeIgniter))
11 FCPATH\index.php(56): CodeIgniter\Boot::bootWeb(Object(Config\Paths))
CRITICAL - 2025-04-18 01:32:59 --> ErrorException: Undefined variable $footerData
[Method: GET, Route: quienesSomos]
in APPPATH\Views\pages\quienesSomos.php on line 210.
 1 APPPATH\Views\pages\quienesSomos.php(210): CodeIgniter\Debug\Exceptions->errorHandler(2, 'Undefined variable $footerData', 'C:\\xampp\\htdocs\\proyecto_acevedo_arce\\app\\Views\\pages\\quienesSomos.php', 210)
 2 SYSTEMPATH\View\View.php(224): include('C:\\xampp\\htdocs\\proyecto_acevedo_arce\\app\\Views\\pages\\quienesSomos.php')
 3 SYSTEMPATH\View\View.php(227): CodeIgniter\View\View->CodeIgniter\View\{closure}()
 4 SYSTEMPATH\Common.php(1173): CodeIgniter\View\View->render('pages/quienesSomos', [], true)
 5 APPPATH\Controllers\Home.php(35): view('pages/quienesSomos')
 6 SYSTEMPATH\CodeIgniter.php(933): App\Controllers\Home->quienesSomos()
 7 SYSTEMPATH\CodeIgniter.php(507): CodeIgniter\CodeIgniter->runController(Object(App\Controllers\Home))
 8 SYSTEMPATH\CodeIgniter.php(354): CodeIgniter\CodeIgniter->handleRequest(null, Object(Config\Cache), false)
 9 SYSTEMPATH\Boot.php(334): CodeIgniter\CodeIgniter->run()
10 SYSTEMPATH\Boot.php(67): CodeIgniter\Boot::runCodeIgniter(Object(CodeIgniter\CodeIgniter))
11 FCPATH\index.php(56): CodeIgniter\Boot::bootWeb(Object(Config\Paths))
CRITICAL - 2025-04-18 01:33:26 --> ErrorException: Undefined variable $footerData
[Method: GET, Route: quienesSomos]
in APPPATH\Views\pages\quienesSomos.php on line 210.
 1 APPPATH\Views\pages\quienesSomos.php(210): CodeIgniter\Debug\Exceptions->errorHandler(2, 'Undefined variable $footerData', 'C:\\xampp\\htdocs\\proyecto_acevedo_arce\\app\\Views\\pages\\quienesSomos.php', 210)
 2 SYSTEMPATH\View\View.php(224): include('C:\\xampp\\htdocs\\proyecto_acevedo_arce\\app\\Views\\pages\\quienesSomos.php')
 3 SYSTEMPATH\View\View.php(227): CodeIgniter\View\View->CodeIgniter\View\{closure}()
 4 SYSTEMPATH\Common.php(1173): CodeIgniter\View\View->render('pages/quienesSomos', [], true)
 5 APPPATH\Controllers\Home.php(35): view('pages/quienesSomos')
 6 SYSTEMPATH\CodeIgniter.php(933): App\Controllers\Home->quienesSomos()
 7 SYSTEMPATH\CodeIgniter.php(507): CodeIgniter\CodeIgniter->runController(Object(App\Controllers\Home))
 8 SYSTEMPATH\CodeIgniter.php(354): CodeIgniter\CodeIgniter->handleRequest(null, Object(Config\Cache), false)
 9 SYSTEMPATH\Boot.php(334): CodeIgniter\CodeIgniter->run()
10 SYSTEMPATH\Boot.php(67): CodeIgniter\Boot::runCodeIgniter(Object(CodeIgniter\CodeIgniter))
11 FCPATH\index.php(56): CodeIgniter\Boot::bootWeb(Object(Config\Paths))
CRITICAL - 2025-04-18 02:08:11 --> CodeIgniter\View\Exceptions\ViewException: Invalid file: "../navbar.php"
[Method: GET, Route: /]
in SYSTEMPATH\Exceptions\FrameworkException.php on line 39.
 1 SYSTEMPATH\View\View.php(212): CodeIgniter\Exceptions\FrameworkException::forInvalidFile('../navbar.php')
 2 SYSTEMPATH\Common.php(1173): CodeIgniter\View\View->render('../navbar', [], true)
 3 APPPATH\Views\front\principal\plantilla.php(21): view('../navbar')
 4 SYSTEMPATH\View\View.php(224): include('C:\\xampp\\htdocs\\proyecto_acevedo_arce\\app\\Views\\front\\principal\\plantilla.php')
 5 SYSTEMPATH\View\View.php(227): CodeIgniter\View\View->CodeIgniter\View\{closure}()
 6 SYSTEMPATH\Common.php(1173): CodeIgniter\View\View->render('front/principal/plantilla', [], true)
 7 APPPATH\Controllers\Home.php(28): view('front/principal/plantilla', [...])
 8 SYSTEMPATH\CodeIgniter.php(933): App\Controllers\Home->index()
 9 SYSTEMPATH\CodeIgniter.php(507): CodeIgniter\CodeIgniter->runController(Object(App\Controllers\Home))
10 SYSTEMPATH\CodeIgniter.php(354): CodeIgniter\CodeIgniter->handleRequest(null, Object(Config\Cache), false)
11 SYSTEMPATH\Boot.php(334): CodeIgniter\CodeIgniter->run()
12 SYSTEMPATH\Boot.php(67): CodeIgniter\Boot::runCodeIgniter(Object(CodeIgniter\CodeIgniter))
13 FCPATH\index.php(56): CodeIgniter\Boot::bootWeb(Object(Config\Paths))
CRITICAL - 2025-04-18 02:08:27 --> CodeIgniter\View\Exceptions\ViewException: Invalid file: "section-carrusel.php"
[Method: GET, Route: /]
in SYSTEMPATH\Exceptions\FrameworkException.php on line 39.
 1 SYSTEMPATH\View\View.php(212): CodeIgniter\Exceptions\FrameworkException::forInvalidFile('section-carrusel.php')
 2 SYSTEMPATH\Common.php(1173): CodeIgniter\View\View->render('section-carrusel', [], true)
 3 APPPATH\Views\front\principal\plantilla.php(24): view('section-carrusel', [...])
 4 SYSTEMPATH\View\View.php(224): include('C:\\xampp\\htdocs\\proyecto_acevedo_arce\\app\\Views\\front\\principal\\plantilla.php')
 5 SYSTEMPATH\View\View.php(227): CodeIgniter\View\View->CodeIgniter\View\{closure}()
 6 SYSTEMPATH\Common.php(1173): CodeIgniter\View\View->render('front/principal/plantilla', [], true)
 7 APPPATH\Controllers\Home.php(28): view('front/principal/plantilla', [...])
 8 SYSTEMPATH\CodeIgniter.php(933): App\Controllers\Home->index()
 9 SYSTEMPATH\CodeIgniter.php(507): CodeIgniter\CodeIgniter->runController(Object(App\Controllers\Home))
10 SYSTEMPATH\CodeIgniter.php(354): CodeIgniter\CodeIgniter->handleRequest(null, Object(Config\Cache), false)
11 SYSTEMPATH\Boot.php(334): CodeIgniter\CodeIgniter->run()
12 SYSTEMPATH\Boot.php(67): CodeIgniter\Boot::runCodeIgniter(Object(CodeIgniter\CodeIgniter))
13 FCPATH\index.php(56): CodeIgniter\Boot::bootWeb(Object(Config\Paths))
CRITICAL - 2025-04-18 02:08:43 --> CodeIgniter\View\Exceptions\ViewException: Invalid file: "section-catalogo.php"
[Method: GET, Route: /]
in SYSTEMPATH\Exceptions\FrameworkException.php on line 39.
 1 SYSTEMPATH\View\View.php(212): CodeIgniter\Exceptions\FrameworkException::forInvalidFile('section-catalogo.php')
 2 SYSTEMPATH\Common.php(1173): CodeIgniter\View\View->render('section-catalogo', [], true)
 3 APPPATH\Views\front\principal\plantilla.php(27): view('section-catalogo', [...])
 4 SYSTEMPATH\View\View.php(224): include('C:\\xampp\\htdocs\\proyecto_acevedo_arce\\app\\Views\\front\\principal\\plantilla.php')
 5 SYSTEMPATH\View\View.php(227): CodeIgniter\View\View->CodeIgniter\View\{closure}()
 6 SYSTEMPATH\Common.php(1173): CodeIgniter\View\View->render('front/principal/plantilla', [], true)
 7 APPPATH\Controllers\Home.php(28): view('front/principal/plantilla', [...])
 8 SYSTEMPATH\CodeIgniter.php(933): App\Controllers\Home->index()
 9 SYSTEMPATH\CodeIgniter.php(507): CodeIgniter\CodeIgniter->runController(Object(App\Controllers\Home))
10 SYSTEMPATH\CodeIgniter.php(354): CodeIgniter\CodeIgniter->handleRequest(null, Object(Config\Cache), false)
11 SYSTEMPATH\Boot.php(334): CodeIgniter\CodeIgniter->run()
12 SYSTEMPATH\Boot.php(67): CodeIgniter\Boot::runCodeIgniter(Object(CodeIgniter\CodeIgniter))
13 FCPATH\index.php(56): CodeIgniter\Boot::bootWeb(Object(Config\Paths))
CRITICAL - 2025-04-18 02:08:53 --> CodeIgniter\View\Exceptions\ViewException: Invalid file: "../footer.php"
[Method: GET, Route: /]
in SYSTEMPATH\Exceptions\FrameworkException.php on line 39.
 1 SYSTEMPATH\View\View.php(212): CodeIgniter\Exceptions\FrameworkException::forInvalidFile('../footer.php')
 2 SYSTEMPATH\Common.php(1173): CodeIgniter\View\View->render('../footer', [], true)
 3 APPPATH\Views\front\principal\plantilla.php(30): view('../footer', [...])
 4 SYSTEMPATH\View\View.php(224): include('C:\\xampp\\htdocs\\proyecto_acevedo_arce\\app\\Views\\front\\principal\\plantilla.php')
 5 SYSTEMPATH\View\View.php(227): CodeIgniter\View\View->CodeIgniter\View\{closure}()
 6 SYSTEMPATH\Common.php(1173): CodeIgniter\View\View->render('front/principal/plantilla', [], true)
 7 APPPATH\Controllers\Home.php(28): view('front/principal/plantilla', [...])
 8 SYSTEMPATH\CodeIgniter.php(933): App\Controllers\Home->index()
 9 SYSTEMPATH\CodeIgniter.php(507): CodeIgniter\CodeIgniter->runController(Object(App\Controllers\Home))
10 SYSTEMPATH\CodeIgniter.php(354): CodeIgniter\CodeIgniter->handleRequest(null, Object(Config\Cache), false)
11 SYSTEMPATH\Boot.php(334): CodeIgniter\CodeIgniter->run()
12 SYSTEMPATH\Boot.php(67): CodeIgniter\Boot::runCodeIgniter(Object(CodeIgniter\CodeIgniter))
13 FCPATH\index.php(56): CodeIgniter\Boot::bootWeb(Object(Config\Paths))
CRITICAL - 2025-04-18 02:09:08 --> CodeIgniter\View\Exceptions\ViewException: Invalid file: "pages/informacionContacto.php"
[Method: GET, Route: informacionContacto]
in SYSTEMPATH\Exceptions\FrameworkException.php on line 39.
 1 SYSTEMPATH\View\View.php(212): CodeIgniter\Exceptions\FrameworkException::forInvalidFile('pages/informacionContacto.php')
 2 SYSTEMPATH\Common.php(1173): CodeIgniter\View\View->render('pages/informacionContacto', [], true)
 3 APPPATH\Controllers\Home.php(45): view('pages/informacionContacto')
 4 SYSTEMPATH\CodeIgniter.php(933): App\Controllers\Home->informacionContacto()
 5 SYSTEMPATH\CodeIgniter.php(507): CodeIgniter\CodeIgniter->runController(Object(App\Controllers\Home))
 6 SYSTEMPATH\CodeIgniter.php(354): CodeIgniter\CodeIgniter->handleRequest(null, Object(Config\Cache), false)
 7 SYSTEMPATH\Boot.php(334): CodeIgniter\CodeIgniter->run()
 8 SYSTEMPATH\Boot.php(67): CodeIgniter\Boot::runCodeIgniter(Object(CodeIgniter\CodeIgniter))
 9 FCPATH\index.php(56): CodeIgniter\Boot::bootWeb(Object(Config\Paths))
